2249
199 233 199 240
199 223 199 232
199 214 199 222
199 206 199 213
199 198 199 205
199 186 199 197
199 176 199 183
199 155 199 165
199 147 199 154
199 138 199 146
199 127 199 137
199 115 199 126
199 97 199 108
199 82 199 93
199 68 199 75
199 60 199 67
199 52 199 59
199 39 199 48
199 31 199 38
199 23 199 30
199 14 199 22
199 2 199 13
195 248 198 249
195 244 199 245
195 235 195 242
195 227 195 234
195 224 197 226
195 218 197 221
195 216 198 217
195 212 196 215
195 208 196 211
195 200 195 207
195 196 196 199
195 191 196 195
195 186 196 190
195 177 195 185
195 174 199 175
195 170 196 173
195 168 198 169
195 156 195 167
195 148 195 155
195 140 195 147
195 136 196 139
195 122 195 133
195 117 196 121
195 109 195 116
195 97 195 108
195 93 196 96
195 83 195 92
195 75 195 82
195 71 196 74
195 63 195 70
195 55 195 62
195 50 199 51
195 47 197 49
195 34 195 42
195 31 197 33
195 29 198 30
195 27 198 28
195 19 195 26
195 11 195 18
195 0 195 10
186 249 194 249
186 248 193 248
186 247 195 247
186 235 186 244
186 225 186 234
186 223 196 223
186 221 194 221
186 213 186 220
186 205 186 212
186 203 189 204
186 199 187 202
186 198 193 198
186 191 191 192
186 189 190 190
186 188 193 188
186 178 186 185
186 176 196 176
186 172 187 175
186 167 189 168
186 163 187 166
186 160 188 162
186 157 190 158
186 156 193 156
186 154 189 155
186 146 186 153
186 139 187 142
186 136 191 137
186 135 197 135
186 133 189 134
186 128 194 128
186 127 194 127
186 126 193 126
186 124 189 125
186 116 186 123
186 107 186 115
186 99 186 106
186 97 193 97
186 92 187 96
186 87 187 91
186 79 186 86
186 69 186 78
186 59 186 68
186 55 189 56
186 54 195 54
186 52 189 53
186 50 193 50
186 46 195 46
186 45 196 45
186 41 187 44
186 40 193 40
186 39 194 39
186 36 188 38
186 35 194 35
186 34 193 34
186 33 193 33
186 29 187 32
186 21 186 28
186 17 187 20
186 9 186 16
186 2 187 5
183 247 185 249
183 245 186 246
183 242 185 244
183 238 184 241
183 230 183 237
183 225 185 228
183 224 190 224
183 222 193 222
183 214 183 221
183 209 184 212
183 200 183 207
183 196 186 197
183 195 190 195
183 193 186 194
183 188 184 191
183 186 187 187
183 178 183 185
183 177 190 177
183 173 184 176
183 170 186 171
183 161 183 168
183 159 192 159
183 149 183 158
183 144 186 145
183 143 190 143
183 139 184 142
183 138 191 138
183 133 184 137
183 131 187 132
183 129 186 130
183 126 185 128
183 122 184 125
183 118 184 121
183 107 183 117
183 99 183 106
183 98 190 98
183 90 183 97
183 86 184 89
183 78 183 85
183 70 183 77
183 59 183 69
183 57 186 58
183 52 184 56
183 51 192 51
183 47 186 49
183 42 184 46
183 34 183 41
183 26 183 33
183 18 183 25
183 10 183 17
183 7 186 8
183 6 190 6
183 2 184 5
183 0 186 1
175 249 182 249
175 245 176 248
175 239 177 241
175 232 179 233
175 230 178 231
175 229 184 229
175 226 177 228
175 224 182 224
175 223 185 223
175 220 182 220
175 216 177 218
175 214 182 214
175 213 183 213
175 208 183 208
175 205 177 207
175 199 183 199
175 198 183 198
175 194 176 197
175 192 184 192
175 188 176 191
175 184 176 187
175 177 177 180
175 173 182 173
175 172 183 172
175 169 186 169
175 167 179 168
175 164 182 164
175 160 184 160
175 158 178 159
175 150 175 157
175 148 183 148
175 147 183 147
175 145 178 146
175 141 177 143
175 132 175 140
175 128 182 128
175 120 175 127
175 115 176 118
175 106 175 114
175 105 182 105
175 101 176 104
175 93 175 100
175 91 178 92
175 89 178 90
175 82 179 83
175 78 179 79
175 75 177 77
175 71 176 74
175 62 175 70
175 59 178 60
175 57 178 58
175 55 182 55
175 52 177 54
175 50 185 50
175 38 175 47
175 30 175 37
175 22 175 29
175 14 175 21
175 9 183 9
175 7 178 8
175 3 177 5
175 0 179 1
171 247 174 249
171 239 174 241
171 238 179 238
171 236 179 236
171 230 172 233
171 226 172 229
171 216 173 218
171 212 182 212
171 211 179 211
171 209 175 210
171 205 172 208
171 203 175 204
171 202 178 202
171 200 175 201
171 196 172 199
171 185 171 192
171 176 181 176
171 174 175 175
171 172 174 173
171 171 178 171
171 167 172 170
171 166 178 166
171 165 178 165
171 163 181 163
171 162 178 162
171 154 171 161
171 150 172 153
171 149 179 149
171 144 181 144
171 140 172 143
171 136 172 139
171 130 181 130
171 129 180 129
171 121 173 123
171 119 182 119
171 110 171 118
171 105 172 109
171 101 172 104
171 97 172 100
171 89 171 96
171 88 178 88
171 80 175 81
171 72 171 79
171 70 174 71
171 66 172 69
171 61 178 61
171 57 172 60
171 56 178 56
171 52 172 55
171 51 178 51
171 47 172 50
171 39 171 46
171 30 171 38
171 22 171 29
171 14 171 21
171 7 173 9
171 6 179 6
171 2 180 2
168 247 170 249
168 244 176 244
168 243 176 243
168 242 175 242
168 238 169 241
168 237 176 237
168 235 175 235
168 234 175 234
168 226 168 233
168 225 175 225
168 223 171 224
168 222 176 222
168 220 171 221
168 219 175 219
168 216 170 218
168 215 175 215
168 213 171 214
168 205 168 212
168 196 168 204
168 194 171 195
168 193 175 193
168 185 168 192
168 183 177 183
168 182 175 182
168 181 179 181
168 179 171 180
168 174 170 176
168 165 168 173
168 156 168 163
168 152 170 154
168 149 170 151
168 147 171 148
168 145 171 146
168 136 168 144
168 134 171 135
168 132 171 133
168 131 178 131
168 124 171 126
168 121 170 123
168 110 168 119
168 106 169 109
168 97 168 105
168 89 168 96
168 86 177 86
168 85 176 85
168 82 171 84
168 74 168 81
168 66 168 73
168 64 171 65
168 62 171 63
168 52 168 61
168 49 170 51
168 45 169 48
168 37 168 44
168 29 168 36
168 24 169 28
168 16 168 23
168 13 177 13
168 12 177 12
168 11 176 11
168 10 177 10
168 6 169 9
168 4 171 5
168 0 171 1
164 248 167 249
164 246 171 246
164 245 172 245
164 242 166 244
164 237 165 240
164 225 164 232
164 223 167 224
164 215 164 222
164 211 165 214
164 201 164 210
164 193 164 200
164 189 165 192
164 186 166 188
164 184 174 184
164 179 165 183
164 178 172 178
164 177 174 177
164 173 165 176
164 169 165 172
164 165 165 168
164 164 172 164
164 156 164 163
164 149 165 153
164 147 167 148
164 138 164 146
164 134 165 137
164 131 166 133
164 129 168 130
164 128 174 128
164 127 171 127
164 125 167 126
164 121 165 124
164 120 171 120
164 112 164 119
164 102 164 111
164 93 164 101
164 89 165 92
164 87 172 87
164 85 167 86
164 82 166 84
164 80 167 81
164 78 167 79
164 70 164 77
164 65 165 69
164 63 167 64
164 59 165 62
164 51 164 58
164 43 166 45
164 35 164 42
164 27 164 34
164 19 164 26
164 16 166 18
164 14 168 15
164 4 164 13
164 3 171 3
164 0 166 2
160 248 163 249
160 247 167 247
160 243 161 246
160 241 167 241
160 237 162 240
160 236 169 236
160 234 164 235
160 230 161 233
160 222 160 229
160 214 160 221
160 206 160 213
160 198 160 205
160 195 162 197
160 186 160 194
160 185 167 185
160 180 161 184
160 171 160 179
160 168 163 169
160 156 160 167
160 155 169 155
160 152 162 154
160 144 160 151
160 141 162 143
160 133 160 140
160 123 160 132
160 115 160 122
160 107 160 114
160 99 160 106
160 95 161 98
160 90 161 94
160 88 168 88
160 86 163 87
160 76 160 85
160 72 161 75
160 64 160 71
160 55 160 63
160 51 162 53
160 50 167 50
160 48 165 49
160 46 164 47
160 41 161 45
160 37 161 40
160 28 160 36
160 18 160 27
160 16 163 17
160 14 163 15
160 12 163 13
160 3 160 11
160 0 162 2
149 249 159 249
149 248 156 248
149 244 150 247
149 242 160 242
149 241 158 241
149 233 149 240
149 231 159 231
149 230 157 230
149 228 152 229
149 227 157 227
149 220 157 220
149 219 157 219
149 217 152 218
149 215 157 215
149 214 156 214
149 211 151 213
149 208 151 210
149 204 150 207
149 185 152 186
149 184 156 184
149 183 156 183
149 179 150 182
149 177 158 177
149 176 157 176
149 170 160 170
149 153 159 153
149 152 156 152
149 146 152 147
149 142 150 145
149 133 150 136
149 131 152 132
149 123 149 130
149 120 151 122
149 116 153 117
149 112 156 112
149 111 157 111
149 110 159 110
149 109 158 109
149 98 149 105
149 89 160 89
149 86 151 88
149 76 151 78
149 75 158 75
149 65 149 74
149 59 153 60
149 57 152 58
149 54 160 54
149 53 156 53
149 45 149 52
149 44 156 44
149 43 157 43
149 40 151 42
149 38 156 38
149 37 157 37
149 32 150 35
149 24 149 31
149 22 157 22
149 21 157 21
149 20 156 20
149 19 156 19
149 18 159 18
149 13 157 13
149 8 150 12
149 6 156 6
149 5 156 5
149 3 152 4
147 244 148 249
147 243 157 243
147 235 147 242
147 227 148 230
147 226 154 226
147 223 149 225
147 212 148 215
147 204 147 211
147 202 157 202
147 201 154 201
147 197 149 200
147 196 154 196
147 194 150 195
147 191 149 193
147 189 154 189
147 188 155 188
147 187 154 187
147 179 147 186
147 172 149 174
147 165 157 165
147 164 155 164
147 163 154 163
147 161 150 162
147 159 156 159
147 156 149 158
147 155 157 155
147 154 158 154
147 150 150 151
147 148 150 149
147 144 148 147
147 138 150 139
147 128 147 136
147 120 147 127
147 113 155 113
147 109 148 112
147 107 150 108
147 106 154 106
147 100 148 103
147 96 151 97
147 93 149 95
147 90 158 90
147 83 155 83
147 81 150 82
147 80 157 80
147 79 154 79
147 71 147 78
147 65 148 68
147 63 154 63
147 56 157 56
147 55 157 55
147 51 148 54
147 40 147 48
147 36 155 36
147 28 147 35
147 24 148 27
147 18 148 22
147 17 154 17
147 16 155 16
147 14 155 14
147 8 148 13
147 7 157 7
147 3 148 6
147 1 150 2
144 247 146 249
144 238 144 246
144 235 146 237
144 233 148 234
144 232 152 232
144 223 144 230
144 217 147 218
144 216 152 216
144 213 146 215
144 207 145 212
144 203 153 203
144 190 152 190
144 182 144 189
144 168 151 168
144 160 151 160
144 154 145 159
144 152 147 153
144 144 144 151
144 141 152 141
144 137 154 137
144 129 144 136
144 115 152 115
144 110 145 114
144 106 145 109
144 104 147 105
144 100 145 103
144 98 147 99
144 92 153 92
144 91 153 91
144 88 147 89
144 86 147 87
144 85 151 85
144 77 144 84
144 61 151 61
144 59 147 60
144 57 147 58
144 53 146 56
144 40 144 48
144 24 144 32
144 15 152 15
144 6 144 14
143 241 143 249
143 231 143 240
143 223 143 230
143 222 150 222
143 221 151 221
143 219 147 220
143 207 143 218
143 205 146 206
143 199 144 202
143 195 144 198
143 191 144 194
143 183 143 190
143 179 146 181
143 178 151 178
143 176 147 177
143 175 151 175
143 172 145 174
143 171 151 171
143 169 153 169
143 167 150 167
143 166 153 166
143 161 144 164
143 153 143 160
143 145 143 152
143 142 148 143
143 140 150 140
143 138 146 139
143 129 143 137
143 125 144 128
143 121 144 124
143 119 153 119
143 118 150 118
143 116 147 117
143 108 143 115
143 98 143 107
143 94 144 97
143 86 143 93
143 77 143 85
143 74 145 76
143 71 145 73
143 69 147 70
143 67 146 68
143 65 146 66
143 64 150 64
143 62 150 62
143 53 143 60
143 49 147 50
143 41 143 48
143 39 150 39
143 37 147 38
143 33 144 36
143 24 143 32
143 23 150 23
143 21 146 22
143 18 145 20
143 16 146 17
143 6 143 15
143 2 144 5
143 0 151 0
134 249 142 249
134 244 135 248
134 241 136 243
134 240 141 240
134 234 142 234
134 231 136 233
134 226 138 227
134 225 141 225
134 222 136 224
134 218 135 221
134 215 138 216
134 212 136 214
134 210 137 211
134 207 136 209
134 204 143 204
134 203 143 203
134 201 137 202
134 200 141 200
134 199 142 199
134 198 142 198
134 196 137 197
134 187 134 195
134 185 137 186
134 184 141 184
134 183 142 183
134 182 143 182
134 180 142 180
134 177 138 178
134 174 139 175
134 173 142 173
134 170 144 170
134 169 141 169
134 168 143 168
134 167 141 167
134 165 144 165
134 163 137 164
134 162 141 162
134 161 141 161
134 160 142 160
134 157 136 159
134 148 134 156
134 145 139 146
134 144 143 144
134 142 138 143
134 141 143 141
134 140 142 140
134 139 141 139
134 134 135 138
134 133 141 133
134 132 142 132
134 129 136 131
134 128 142 128
134 123 135 127
134 122 141 122
134 120 145 120
134 118 137 119
134 110 134 117
134 101 134 109
134 100 142 100
134 92 134 99
134 84 134 91
134 76 134 83
134 73 142 73
134 65 134 72
134 63 145 63
134 61 143 61
134 57 135 60
134 55 137 56
134 54 141 54
134 52 145 52
134 48 135 51
134 45 136 47
134 41 136 43
134 40 143 40
134 39 141 39
134 32 135 37
134 31 141 31
134 28 138 29
134 22 135 27
134 14 134 21
134 10 136 12
134 6 135 9
134 4 137 5
134 1 145 1
128 248 133 249
128 243 129 246
128 240 131 241
128 239 135 239
128 238 135 238
128 236 136 236
128 235 136 235
128 230 138 230
128 229 138 229
128 228 138 228
128 222 132 223
128 218 129 221
128 217 135 217
128 208 128 216
128 206 138 206
128 205 135 205
128 194 128 202
128 190 129 193
128 182 128 189
128 181 135 181
128 179 137 179
128 176 137 176
128 173 131 174
128 172 137 172
128 171 136 171
128 169 131 170
128 166 138 166
128 160 130 163
128 158 131 159
128 150 128 157
128 147 139 147
128 145 131 146
128 142 130 144
128 140 131 141
128 131 128 139
128 127 129 130
128 122 129 126
128 121 136 121
128 113 128 120
128 108 130 110
128 98 128 107
128 96 131 97
128 88 128 95
128 80 128 87
128 76 129 79
128 75 135 75
128 74 136 74
128 66 128 73
128 64 138 64
128 62 139 62
128 58 129 61
128 54 130 56
128 53 135 53
128 50 131 51
128 47 130 49
128 45 132 46
128 44 139 44
128 42 131 43
128 38 135 38
128 32 129 36
128 30 137 30
128 22 128 29
128 14 128 21
128 13 135 13
128 5 128 12
128 3 136 3
128 2 136 2
128 0 138 0
122 248 127 249
122 247 132 247
122 243 126 244
122 242 129 242
122 238 123 241
122 237 129 237
122 235 125 236
122 234 129 234
122 233 131 233
122 232 130 232
122 229 124 231
122 227 130 227
122 226 130 226
122 225 129 225
122 224 129 224
122 219 123 223
122 210 122 218
122 208 125 209
122 207 129 207
122 205 125 206
122 204 129 204
122 203 130 203
122 195 122 202
122 192 124 194
122 184 122 191
122 180 130 180
122 178 125 179
122 177 130 177
122 169 122 176
122 168 129 168
122 157 123 160
122 151 124 154
122 149 133 149
122 148 130 148
122 144 123 147
122 135 122 143
122 132 124 134
122 124 122 131
122 116 122 123
122 112 130 112
122 111 132 111
122 107 123 110
122 105 126 106
122 101 123 104
122 97 123 100
122 93 124 95
122 89 123 92
122 81 122 88
122 72 122 80
122 68 123 71
122 63 130 63
122 61 125 62
122 57 130 57
122 53 123 56
122 52 129 52
122 50 125 51
122 42 126 43
122 41 129 41
122 40 130 40
122 38 126 39
122 37 130 37
122 33 124 36
122 26 123 30
122 18 122 25
122 9 122 17
122 7 125 8
122 5 125 6
122 4 130 4
122 2 125 3
122 1 132 1
120 246 121 249
120 245 127 245
120 237 120 244
120 229 120 236
120 228 127 228
120 220 120 227
120 212 120 219
120 204 120 211
120 196 120 203
120 188 120 195
120 184 121 187
120 183 127 183
120 181 123 182
120 177 121 180
120 168 120 176
120 167 128 167
120 165 124 166
120 164 129 164
120 161 122 163
120 157 121 160
120 155 123 156
120 151 121 154
120 150 127 150
120 146 121 149
120 142 121 145
120 138 121 141
120 128 120 137
120 124 121 127
120 116 120 123
120 113 122 115
120 105 120 112
120 101 121 104
120 97 121 100
120 96 127 96
120 92 121 95
120 84 120 91
120 76 120 83
120 68 120 75
120 66 123 67
120 65 128 65
120 61 121 64
120 58 122 60
120 50 120 57
120 48 123 49
120 47 127 47
120 46 127 46
120 45 127 45
120 44 127 44
120 32 120 43
120 31 128 31
120 21 120 30
120 17 121 20
120 13 121 16
120 9 121 12
120 5 121 8
120 1 121 4
120 0 127 0
108 249 119 249
108 219 110 221
108 213 113 214
108 200 116 200
108 163 116 163
108 162 115 162
108 159 119 159
108 149 117 149
108 136 118 136
108 134 112 135
108 133 115 133
108 128 110 131
108 115 118 115
108 113 111 114
108 112 115 112
108 106 110 108
108 97 119 97
108 70 112 71
108 57 111 58
108 48 110 50
108 36 110 39
108 2 116 2
107 247 116 247
107 242 111 243
107 232 108 236
107 210 110 212
107 205 115 205
107 203 111 204
107 202 114 202
107 197 116 197
107 196 114 196
107 189 110 190
107 187 110 188
107 180 108 183
107 178 118 178
107 167 114 167
107 164 109 166
107 155 108 158
107 154 115 154
107 151 109 153
107 142 109 144
107 137 108 141
107 125 114 125
107 123 115 123
107 122 114 122
107 118 118 118
107 109 110 110
107 102 114 102
107 98 108 101
107 95 116 95
107 94 115 94
107 89 108 92
107 85 115 85
107 84 115 84
107 80 114 80
107 79 114 79
107 77 111 78
107 67 109 69
107 60 111 61
107 54 114 54
107 53 115 53
107 51 110 52
107 33 114 33
107 31 110 32
107 30 116 30
107 28 115 28
107 26 110 27
107 15 112 16
107 8 108 13
106 244 108 246
106 231 115 231
106 224 116 224
106 223 113 223
106 222 113 222
106 194 117 194
106 179 114 179
106 161 113 161
106 145 116 145
106 137 106 144
106 128 107 131
106 112 107 115
106 103 109 105
106 87 114 87
106 83 116 83
106 81 110 82
106 47 115 47
106 46 113 46
106 44 109 45
106 40 109 41
106 36 107 39
106 35 114 35
106 34 113 34
106 26 106 33
106 23 114 23
106 20 114 20
106 19 113 19
106 18 116 18
106 7 114 7
106 5 109 6
105 240 114 240
105 239 113 239
105 237 108 238
105 233 106 236
105 227 108 228
105 225 108 226
105 219 107 221
105 218 113 218
105 208 114 208
105 206 108 207
105 202 106 205
105 201 112 201
105 193 114 193
105 191 109 192
105 187 106 190
105 177 112 177
105 175 108 176
105 174 113 174
105 172 115 172
105 171 112 171
105 169 110 170
105 168 112 168
105 164 106 167
105 155 106 158
105 151 106 154
105 146 108 147
105 137 105 145
105 120 113 120
105 119 112 119
105 117 112 117
105 116 113 116
105 106 107 108
105 98 106 102
105 89 106 92
105 66 112 66
105 65 114 65
105 63 108 64
105 55 114 55
105 51 106 54
105 48 107 50
105 42 113 42
105 34 105 41
105 26 105 33
104 233 104 240
104 216 108 217
104 215 111 215
104 213 107 214
104 210 106 212
104 201 104 208
104 164 104 172
104 160 115 160
104 149 107 150
104 141 104 148
104 135 107 136
104 133 107 134
104 132 111 132
104 128 105 131
104 76 113 76
104 75 112 75
104 74 112 74
104 73 112 73
104 72 112 72
104 70 107 71
104 67 106 69
104 59 112 59
104 57 107 58
104 56 111 56
104 48 104 55
104 44 105 47
104 43 111 43
104 35 104 42
104 26 104 34
104 10 106 13
104 5 105 9
103 248 111 248
103 244 105 246
103 242 106 243
103 241 111 241
103 233 103 240
103 230 110 230
103 229 112 229
103 225 104 228
103 222 105 224
103 218 104 221
103 210 103 217
103 209 110 209
103 201 103 208
103 199 113 199
103 198 114 198
103 196 106 197
103 195 112 195
103 191 104 194
103 187 104 190
103 186 110 186
103 185 110 185
103 184 111 184
103 182 106 183
103 180 106 181
103 174 104 177
103 173 111 173
103 164 103 172
103 162 107 163
103 155 104 158
103 151 104 154
103 141 103 150
103 137 104 140
103 128 103 136
103 127 110 127
103 125 106 126
103 124 110 124
103 122 106 123
103 121 112 121
103 116 104 120
103 112 105 114
103 111 111 111
103 106 104 109
103 103 105 105
103 98 104 102
103 96 114 96
103 94 106 95
103 93 110 93
103 89 104 92
103 88 110 88
103 86 110 86
103 84 106 85
103 81 105 83
103 79 106 80
103 77 106 78
103 67 103 76
103 63 104 66
103 61 106 62
103 52 103 59
103 44 103 51
103 36 103 43
103 26 103 35
103 25 110 25
103 24 110 24
103 22 111 22
103 21 112 21
103 18 105 20
103 17 112 17
103 15 106 16
103 14 110 14
103 5 103 13
103 4 110 4
103 3 112 3
103 1 110 1
103 0 112 0
98 248 102 249
98 247 106 247
98 237 98 246
98 233 99 236
98 232 106 232
98 231 105 231
98 222 98 230
98 213 98 221
98 209 99 212
98 204 99 208
98 201 100 203
98 200 107 200
98 198 101 199
98 190 98 197
98 180 98 189
98 179 105 179
98 178 105 178
98 170 98 177
98 162 98 169
98 161 105 161
98 159 101 160
98 155 99 158
98 147 98 154
98 139 98 146
98 130 98 138
98 126 99 129
98 116 98 125
98 115 105 115
98 111 99 114
98 110 106 110
98 98 98 109
98 97 107 97
98 94 100 96
98 88 99 93
98 87 105 87
98 79 98 86
98 71 98 78
98 61 98 70
98 60 105 60
98 52 98 59
98 47 99 51
98 43 99 46
98 41 102 42
98 33 98 40
98 24 98 32
98 23 105 23
98 20 100 22
98 16 99 19
98 8 98 15
98 3 99 7
98 2 107 2
98 0 102 1
86 249 97 249
86 238 88 240
86 237 94 237
86 215 86 222
86 203 87 206
86 159 93 159
86 158 94 158
86 156 90 157
86 152 97 152
86 149 93 149
86 146 88 148
86 132 94 132
86 124 86 131
86 109 89 110
86 105 87 108
86 104 94 104
86 85 90 86
86 84 93 84
86 83 93 83
86 71 94 71
86 68 88 70
86 49 87 52
86 36 94 36
86 31 87 35
86 20 90 21
86 19 95 19
86 18 95 18
86 12 97 12
86 2 87 5
85 236 94 236
85 215 85 222
85 177 93 177
85 176 93 176
85 174 88 175
85 170 86 173
85 168 93 168
85 150 90 151
85 137 92 137
85 133 86 136
85 124 85 132
85 123 92 123
85 120 87 122
85 115 93 115
85 102 89 103
85 100 88 101
85 96 86 99
85 95 92 95
85 92 87 94
85 90 88 91
85 89 92 89
85 87 88 88
85 79 92 79
85 77 88 78
85 76 94 76
85 72 86 75
85 63 93 63
85 48 95 48
85 44 87 47
85 41 87 43
85 29 94 29
85 27 88 28
85 26 93 26
85 24 88 25
85 22 88 23
85 17 95 17
85 13 96 13
85 10 88 11
85 8 88 9
85 6 88 7
84 246 89 247
84 245 93 245
84 243 87 244
84 241 87 242
84 237 85 240
84 235 94 235
84 233 87 234
84 232 92 232
84 231 91 231
84 229 87 230
84 226 86 228
84 225 91 225
84 224 91 224
84 223 93 223
84 215 84 222
84 213 87 214
84 210 86 212
84 207 86 209
84 203 85 206
84 202 92 202
84 200 88 201
84 196 86 199
84 195 94 195
84 192 86 194
84 188 86 190
84 185 87 187
84 183 87 184
84 180 86 182
84 178 87 179
84 170 84 177
84 169 91 169
84 167 95 167
84 165 87 166
84 164 94 164
84 163 92 163
84 160 86 162
84 156 85 159
84 154 91 154
84 153 92 153
84 146 85 149
84 144 92 144
84 143 94 143
84 141 88 142
84 138 86 140
84 130 84 137
84 120 84 129
84 119 91 119
84 118 91 118
84 117 91 117
84 116 94 116
84 114 93 114
84 112 88 113
84 108 85 111
84 104 85 107
84 95 84 103
84 87 84 94
84 83 85 86
84 81 88 82
84 80 94 80
84 72 84 79
84 68 85 71
84 65 86 67
84 64 91 64
84 62 91 62
84 61 92 61
84 60 91 60
84 59 92 59
84 55 86 58
84 53 88 54
84 49 85 52
84 41 84 48
84 38 86 40
84 37 91 37
84 31 85 36
84 30 92 30
84 22 84 29
84 18 85 21
84 14 86 16
84 6 84 13
84 2 85 5
84 0 87 1
76 249 83 249
76 248 86 248
76 239 76 247
76 236 84 236
76 235 83 235
76 230 80 231
76 229 83 229
76 228 83 228
76 224 78 226
76 220 77 223
76 216 77 219
76 208 76 215
76 207 83 207
76 205 80 206
76 201 77 204
76 193 76 200
76 191 87 191
76 190 83 190
76 186 77 189
76 185 83 185
76 183 79 184
76 180 78 182
76 174 77 179
76 170 77 173
76 169 83 169
76 168 84 168
76 160 76 167
76 158 79 159
76 157 83 157
76 155 87 155
76 152 84 152
76 151 83 151
76 150 83 150
76 146 81 147
76 145 86 145
76 142 78 144
76 134 76 141
76 132 79 133
76 131 83 131
76 120 76 130
76 116 77 119
76 115 84 115
76 111 77 114
76 107 77 110
76 98 76 106
76 87 76 97
76 85 80 86
76 83 80 84
76 75 76 82
76 72 78 74
76 66 83 66
76 65 83 65
76 63 84 63
76 59 77 62
76 58 83 58
76 55 78 57
76 51 77 54
76 49 79 50
76 45 80 46
76 37 76 44
76 26 76 34
76 22 79 23
76 19 78 21
76 17 84 17
76 16 83 16
76 12 77 15
76 10 83 10
76 0 76 9
71 248 75 249
71 246 74 247
71 242 72 245
71 227 80 227
71 224 73 226
71 219 72 223
71 217 75 218
71 208 71 216
71 204 72 207
71 202 74 203
71 195 73 197
71 193 74 194
71 192 81 192
71 181 71 191
71 173 75 174
71 164 71 172
71 148 82 148
71 146 75 147
71 144 74 145
71 140 72 143
71 132 71 139
71 119 71 128
71 111 71 118
71 90 75 91
71 86 72 89
71 84 74 85
71 71 78 71
71 69 80 69
71 68 79 68
71 65 73 67
71 64 78 64
71 52 71 59
71 39 71 46
71 25 82 25
71 24 81 24
71 21 73 23
71 19 75 20
71 18 79 18
71 14 75 15
71 12 74 13
71 11 78 11
71 2 71 10
71 0 75 1
70 242 70 249
70 239 72 241
70 238 77 238
70 237 79 237
70 235 74 236
70 234 78 234
70 233 80 233
70 232 78 232
70 228 71 231
70 220 70 227
70 211 70 219
70 202 70 210
70 198 71 201
70 190 70 197
70 181 70 188
70 177 71 180
70 175 74 176
70 164 70 174
70 162 73 163
70 157 71 161
70 156 80 156
70 154 81 154
70 153 81 153
70 150 72 152
70 149 77 149
70 141 70 148
70 132 70 140
70 129 72 131
70 119 70 128
70 111 70 118
70 109 73 110
70 104 71 108
70 100 71 103
70 96 71 99
70 92 71 95
70 84 70 91
70 80 71 83
70 76 71 79
70 72 71 75
70 64 70 71
70 60 71 63
70 52 70 59
70 49 72 51
70 48 77 48
70 47 77 47
70 39 70 46
70 37 73 38
70 36 77 36
70 35 78 35
70 30 71 34
70 26 71 29
70 18 70 25
70 16 73 17
70 8 70 15
70 0 70 7
60 249 69 249
60 247 63 248
60 244 62 246
60 236 60 243
60 233 62 235
60 229 61 232
60 220 60 228
60 216 61 219
60 208 60 215
60 205 62 207
60 200 61 204
60 198 64 199
60 195 62 197
60 191 61 194
60 190 68 190
60 189 70 189
60 188 67 188
60 184 61 187
60 181 62 183
60 180 67 180
60 171 60 179
60 166 61 170
60 165 67 165
60 157 60 164
60 148 60 156
60 147 67 147
60 146 67 146
60 138 60 145
60 134 61 137
60 130 61 133
60 121 60 129
60 120 68 120
60 119 67 119
60 118 68 118
60 116 65 117
60 111 61 114
60 102 60 110
60 99 62 101
60 96 62 98
60 95 67 95
60 94 68 94
60 91 62 93
60 82 60 90
60 81 68 81
60 73 60 80
60 63 60 72
60 61 64 62
60 51 60 60
60 47 61 50
60 35 60 46
60 30 61 34
60 27 62 29
60 23 61 26
60 21 63 22
60 17 61 20
60 9 60 16
60 4 61 8
60 0 61 3
48 249 59 249
48 227 50 230
48 224 55 224
48 216 48 223
48 214 51 215
48 194 59 194
48 192 51 193
48 188 49 191
48 187 55 187
48 186 57 186
48 174 58 174
48 172 51 173
48 171 55 171
48 142 50 144
48 139 55 139
48 135 49 138
48 132 50 134
48 130 58 130
48 128 52 129
48 123 49 127
48 117 57 117
48 116 55 116
48 115 56 115
48 114 56 114
48 82 50 84
48 53 58 53
48 51 51 52
48 30 49 34
48 29 55 29
48 28 56 28
48 27 57 27
48 25 51 26
48 23 51 24
48 20 59 20
48 18 52 19
48 17 55 17
48 9 49 12
47 247 50 248
47 245 51 246
47 244 57 244
47 239 50 240
47 236 49 238
47 225 50 226
47 217 47 224
47 202 49 205
47 199 49 201
47 197 50 198
47 186 47 194
47 182 48 185
47 180 50 181
47 178 50 179
47 170 54 170
47 167 49 169
47 159 50 160
47 158 57 158
47 153 48 157
47 150 56 150
47 147 49 149
47 131 56 131
47 123 47 130
47 113 54 113
47 111 50 112
47 110 54 110
47 99 54 99
47 98 54 98
47 96 50 97
47 90 48 93
47 89 54 89
47 71 54 71
47 70 55 70
47 68 50 69
47 64 54 64
47 61 49 63
47 50 54 50
47 47 49 49
47 39 55 39
47 38 55 38
47 37 54 37
47 35 50 36
47 27 47 34
47 15 50 16
47 14 55 14
47 13 54 13
47 0 48 3
46 232 57 232
46 231 55 231
46 227 47 230
46 217 46 226
46 213 53 213
46 210 48 212
46 207 48 209
46 206 53 206
46 197 46 205
46 187 46 194
46 178 46 186
46 175 48 177
46 171 47 174
46 166 53 166
46 164 49 165
46 161 48 163
46 153 46 160
46 151 49 152
46 140 49 141
46 136 47 139
46 132 47 135
46 123 46 131
46 120 48 122
46 119 54 119
46 118 54 118
46 114 47 117
46 109 55 109
46 108 54 108
46 107 57 107
46 106 54 106
46 105 55 105
46 102 48 104
46 81 55 81
46 77 48 80
46 76 54 76
46 75 53 75
46 73 49 74
46 56 51 57
46 55 55 55
46 51 47 54
46 46 53 46
46 43 48 45
46 40 48 42
46 31 46 39
46 23 47 26
46 21 49 22
46 17 47 20
46 9 47 12
46 7 49 8
46 6 53 6
46 4 49 5
45 243 46 248
45 241 48 242
45 236 46 240
45 235 53 235
45 234 55 234
45 233 54 233
45 225 45 232
45 217 45 224
45 214 47 216
45 205 45 213
45 197 45 204
45 195 48 196
45 187 45 194
45 179 45 186
45 171 45 178
45 167 46 170
45 159 45 166
45 151 45 158
45 147 46 150
45 146 52 146
45 145 54 145
45 142 47 144
45 132 45 141
45 122 45 131
45 114 45 121
45 110 46 113
45 102 45 109
45 100 48 101
45 96 46 99
45 95 52 95
45 94 52 94
45 89 46 93
45 87 48 88
45 85 48 86
45 82 47 84
45 73 45 81
45 72 52 72
45 68 46 71
45 66 48 67
45 65 52 65
45 61 46 64
45 60 53 60
45 59 53 59
45 51 45 58
45 47 46 50
45 39 45 46
45 31 45 38
45 27 46 30
45 17 45 26
45 13 46 16
45 4 45 12
45 0 46 3
35 249 44 249
35 248 42 248
35 244 36 247
35 236 35 243
35 232 36 235
35 224 35 231
35 220 36 223
35 212 35 219
35 204 35 211
35 201 37 203
35 200 42 200
35 192 35 199
35 189 38 190
35 185 37 188
35 184 43 184
35 182 38 183
35 181 42 181
35 177 36 180
35 168 35 176
35 159 35 167
35 157 38 158
35 154 38 155
35 146 35 153
35 138 35 145
35 134 36 137
35 124 35 133
35 123 43 123
35 121 38 122
35 113 35 120
35 103 35 112
35 102 43 102
35 101 43 101
35 99 38 100
35 91 35 98
35 81 35 90
35 70 35 80
35 61 35 69
35 59 38 60
35 50 35 58
35 48 38 49
35 40 35 47
35 38 38 39
35 34 36 37
35 31 37 33
35 23 35 30
35 15 35 22
35 14 42 14
35 6 35 13
35 3 37 5
35 0 37 2
25 249 34 249
25 246 27 248
25 237 25 245
25 232 26 236
25 231 33 231
25 223 25 230
25 219 26 222
25 218 33 218
25 214 29 215
25 205 25 212
25 195 25 204
25 191 36 191
25 186 26 190
25 182 32 182
25 180 28 181
25 172 29 173
25 170 28 171
25 166 34 166
25 164 28 165
25 163 34 163
25 161 32 161
25 156 36 156
25 155 33 155
25 153 28 154
25 152 32 152
25 148 26 151
25 143 27 145
25 142 34 142
25 140 28 141
25 136 26 139
25 132 26 135
25 128 26 131
25 124 26 127
25 120 34 120
25 118 29 119
25 117 33 117
25 113 26 116
25 111 34 111
25 110 32 110
25 108 28 109
25 104 32 104
25 96 25 103
25 94 28 95
25 90 26 93
25 89 33 89
25 86 28 88
25 85 32 85
25 77 25 84
25 73 26 76
25 69 26 72
25 65 28 66
25 61 26 64
25 60 33 60
25 54 29 55
25 53 32 53
25 43 25 50
25 33 25 42
25 32 33 32
25 29 28 30
25 27 28 28
25 22 27 24
25 21 34 21
25 15 34 15
25 14 34 14
25 12 28 13
25 8 26 11
25 0 25 7
21 248 24 249
21 245 23 247
21 242 23 244
21 240 24 241
21 238 24 239
21 234 22 237
21 226 21 233
21 218 21 225
21 216 30 216
21 213 29 213
21 209 22 212
21 205 22 208
21 195 21 204
21 194 28 194
21 190 24 191
21 186 22 189
21 184 25 185
21 180 23 182
21 178 28 178
21 177 30 177
21 176 30 176
21 175 28 175
21 174 32 174
21 170 22 173
21 162 30 162
21 160 24 161
21 159 28 159
21 154 23 156
21 152 24 153
21 150 24 151
21 146 25 147
21 143 23 145
21 140 23 142
21 132 21 139
21 124 21 131
21 121 25 122
21 113 21 120
21 112 28 112
21 108 24 109
21 105 28 105
21 103 24 104
21 95 21 102
21 87 21 94
21 79 21 86
21 71 21 78
21 68 31 68
21 60 21 67
21 57 32 57
21 53 23 55
21 52 29 52
21 48 22 51
21 40 21 47
21 32 21 39
21 31 28 31
21 27 22 30
21 25 25 26
21 18 25 19
21 17 29 17
21 16 28 16
21 12 22 15
21 4 21 11
21 0 22 3
18 247 20 249
18 244 20 246
18 235 18 242
18 227 18 234
18 219 18 226
18 217 27 217
18 214 22 215
18 211 20 213
18 202 18 210
18 198 19 201
18 194 19 197
18 193 25 193
18 192 25 192
18 184 18 191
18 183 25 183
18 180 20 182
18 179 27 179
18 171 18 178
18 169 29 169
18 168 26 168
18 167 28 167
18 165 21 166
18 163 21 164
18 159 19 162
18 158 25 158
18 157 26 157
18 154 20 156
18 150 19 153
18 148 21 149
18 140 18 147
18 136 19 139
18 128 18 135
18 124 19 127
18 123 26 123
18 120 20 122
18 112 18 119
18 110 21 111
18 107 25 107
18 106 25 106
18 102 19 105
18 92 18 101
18 83 18 91
18 72 18 82
18 69 22 70
18 65 19 68
18 61 19 64
18 59 28 59
18 58 25 58
18 56 28 56
18 52 19 55
18 47 19 50
18 43 19 46
18 35 18 42
18 26 18 34
18 23 22 24
18 21 22 22
18 20 25 20
18 11 18 19
18 7 19 10
18 2 19 5
10 249 17 249
10 248 17 248
10 244 11 247
10 243 18 243
10 242 17 242
10 234 10 241
10 230 12 232
10 228 13 229
10 220 10 227
10 218 20 218
10 217 17 217
10 216 18 216
10 214 17 214
10 205 10 213
10 197 10 204
10 191 14 192
10 183 10 190
10 179 11 182
10 177 14 178
10 175 13 176
10 171 11 174
10 170 18 170
10 168 13 169
10 159 10 167
10 151 10 158
10 148 17 148
10 146 13 147
10 144 13 145
10 140 11 143
10 132 10 139
10 128 11 131
10 126 13 127
10 118 10 125
10 114 11 117
10 110 11 113
10 109 18 109
10 108 20 108
10 99 10 107
10 91 10 98
10 83 10 90
10 75 10 82
10 74 17 74
10 73 17 73
10 71 20 71
10 65 11 70
10 61 11 64
10 60 18 60
10 59 17 59
10 58 17 58
10 57 19 57
10 56 17 56
10 52 11 55
10 51 18 51
10 47 11 50
10 37 10 46
10 29 10 36
10 26 12 28
10 25 18 25
10 24 17 24
10 16 10 23
10 8 10 15
10 6 20 6
10 2 11 5
10 1 18 1
10 0 18 0
1 249 9 249
1 247 4 248
1 246 9 246
1 241 2 245
1 234 9 234
1 233 10 233
1 229 2 232
1 226 3 228
1 219 10 219
1 216 3 218
1 215 10 215
1 211 2 214
1 205 4 206
1 200 2 204
1 199 8 199
1 198 9 198
1 197 9 197
1 196 10 196
1 195 10 195
1 194 10 194
1 193 10 193
1 191 4 192
1 172 4 173
1 168 2 171
1 166 4 167
1 164 4 165
1 155 1 163
1 151 9 151
1 150 10 150
1 149 11 149
1 145 2 148
1 142 3 144
1 134 1 141
1 133 8 133
1 132 9 132
1 131 8 131
1 128 3 130
1 123 2 126
1 119 2 122
1 101 1 108
1 94 2 97
1 92 4 93
1 90 4 91
1 82 1 89
1 74 2 77
1 73 9 73
1 72 11 72
1 71 9 71
1 61 1 69
1 44 9 44
1 43 8 43
1 35 1 42
1 19 9 19
1 17 4 18
1 15 4 16
1 12 3 14
1 7 10 7
1 6 9 6
1 2 2 5
1 0 4 1
0 241 0 249
0 238 2 240
0 235 2 237
0 226 0 234
0 222 1 225
0 220 3 221
0 211 0 219
0 209 3 210
0 207 3 208
0 199 0 206
0 191 0 198
0 188 2 190
0 187 8 187
0 182 1 186
0 178 1 181
0 176 3 177
0 174 3 175
0 165 0 173
0 155 0 164
0 152 2 154
0 144 0 151
0 136 0 143
0 128 0 135
0 127 7 127
0 119 0 126
0 117 3 118
0 112 1 116
0 110 3 111
0 109 7 109
0 101 0 108
0 98 2 100
0 90 0 97
0 82 0 89
0 78 1 81
0 70 0 77
0 61 0 69
0 58 2 60
0 57 7 57
0 53 1 56
0 49 1 52
0 47 3 48
0 45 3 46
0 35 0 44
0 31 1 34
0 30 7 30
0 26 1 29
0 25 7 25
0 21 1 24
0 20 7 20
0 12 0 19
0 8 1 11
0 0 0 7
