3 0 28 292
3 167 53 112
3 296 217 115
3 168 39 219
3 180 230 199
3 216 284 266
3 65 188 291
3 36 277 35
3 234 281 20
4 221 54 202 55
3 34 239 106
3 108 214 265
3 33 241 250
3 85 102 31
3 116 29 196
3 275 282 223
3 87 204 289
3 41 174 255
3 179 32 181
3 184 172 242
3 164 244 264
3 249 40 78
3 99 128 238
3 212 50 182
3 110 146 12
3 88 122 141
3 75 254 192
3 103 82 104
3 80 222 51
3 72 121 155
3 4 64 152
3 8 185 59
3 7 14 67
3 294 26 228
3 148 158 154
3 134 111 176
3 162 236 17
3 259 3 100
3 159 295 280
3 286 68 142
3 246 271 71
3 299 207 297
3 203 268 43
3 24 243 215
3 133 209 252
3 210 157 145
3 62 258 206
3 161 253 120
3 127 27 288
3 13 170 256
3 260 298 262
3 276 191 30
3 136 86 66
3 220 11 126
3 92 89 251
3 95 177 233
3 58 61 186
3 137 163 47
3 290 117 231
3 227 197 229
3 193 160 279
3 15 109 97
3 218 73 37
3 273 22 272
3 150 48 69
3 285 90 189
3 225 76 123
3 107 70 173
3 74 269 46
3 144 237 240
3 56 195 143
3 105 10 9
3 18 140 94
3 171 42 178
3 187 101 153
3 263 190 293
3 38 23 1
3 63 25 208
3 125 283 49
3 156 138 257
3 261 114 194
3 60 147 135
3 200 235 84
3 57 131 211
3 19 83 77
3 198 119 52
3 213 16 2
3 267 6 270
3 44 118 151
3 129 93 278
3 79 201 149
3 245 98 274
3 226 287 247
3 21 5 132
3 113 248 130
3 224 205 165
3 91 124 183
3 232 139 175
3 166 81 169
2 96 45