25 2735 1113 5295 9251 3993 9159 6098 1790 1431 83 9593 5184 1976 450 3296 8469 3164 4818 2182 5871 7079 7813 579 8319 1150
26 6689 6381 627 9078 9289 5187 3784 8493 9054 808 7624 9103 1501 4442 4874 8584 8936 5355 2483 1284 7390 2339 3343 1425 7138 1653
26 3090 2738 1588 8285 4409 9033 444 1257 2048 21 7266 112 3235 1926 682 9730 2239 6328 721 3733 140 1495 4383 2786 1652 3880
26 1209 6031 2742 6409 7710 9537 7745 6902 7080 4104 7502 7021 1154 9080 370 1388 8399 291 7596 6428 6018 1868 6788 1544 1677 5020
28 6466 7965 2247 1013 9845 4705 9341 1263 5087 2906 8099 5519 9779 4093 1266 8197 870 3481 9522 2801 5229 4367 4179 4791 469 4393 6603 2208
26 5018 5445 5237 1208 7434 2033 3364 8542 5941 8830 680 3 8621 7635 5870 6561 5288 9367 9041 8712 3766 2391 1837 1581 2819 4268
26 9313 658 8203 7867 9018 2653 1738 2095 8312 1748 2863 4688 4947 2950 841 9039 4252 5199 8744 6640 7213 9540 7950 5545 8808 6439
27 2519 549 5213 9282 2305 3051 5766 2640 5995 1561 9001 4378 1767 3045 2190 213 6267 8972 5542 2195 6022 5673 7432 2196 845 8980 976
26 4525 7109 7319 7580 506 5422 7642 3465 5076 536 8064 3404 1236 1796 2789 815 1711 8771 9932 7518 7170 8866 3274 8925 5474 2130
26 5934 6135 9602 3602 5678 1232 9195 5792 1166 8511 2438 6047 6940 4454 4452 9664 9807 7771 7775 5281 2266 6702 5296 5047 3347 4120
25 4679 4635 135 1863 8259 64 8968 1944 816 67 3699 7999 6142 6755 2965 3943 8839 6354 8706 5207 8507 5623 9850 1439 2658
26 88 4309 2297 41 4782 3663 7256 9132 5465 3673 2444 3221 5734 6517 1885 6124 632 1400 1703 7144 8913 2094 8384 56 5988 2897
26 2465 7957 8209 5214 9757 8071 1511 9027 8801 9208 3963 8291 4805 3233 6734 8887 7155 9204 9904 1608 9590 9692 4226 2554 431 675
25 519 7198 5954 2031 6985 7856 2667 5441 5250 6064 5023 7788 456 7071 3916 609 8734 7022 3192 9058 4083 8174 5413 6585 7161
26 5970 4601 8290 8902 4003 6023 3970 2924 7271 2977 7341 894 9083 9250 8381 227 8201 7060 4239 5912 3179 6828 5024 9210 6434 994
27 4839 1097 8024 1995 8637 8155 6762 7456 8413 6751 2841 2051 2116 1519 9212 2274 5336 7838 5772 2638 9794 1225 7530 1074 729 7758 5244
25 5324 8557 5006 9109 7492 7912 2173 542 2630 3757 8650 4590 2431 2445 7848 25 340 838 3303 9999 1848 1813 8152 6911 3929
25 719 5856 5920 5511 9410 4503 967 6925 9160 9321 9783 3011 9967 7528 3336 9258 5363 5643 7241 2262 8684 9596 5760 4332 9532
25 606 6745 6450 9925 6809 7344 6163 9837 3372 2933 3999 3748 5357 6813 7897 2047 1615 9173 5493 6673 6153 791 8580 3903 9304
25 423 8932 873 6634 6729 4593 3839 6426 9441 7806 3163 6602 22 2068 154 4572 888 3900 3954 2379 9814 8923 5533 679 7133
26 1776 7889 9965 5212 7494 6270 3952 8610 1831 8150 7440 2837 6226 6977 250 5456 2199 4425 5418 8714 5560 1617 4795 3042 2090 5606
26 187 4758 1860 5540 7097 7208 494 6657 9553 7381 9015 11 7781 9547 7365 2447 5448 3506 3834 6964 7487 3322 4861 3641 5446 6650
25 6663 7108 5507 9634 3054 5082 4195 8075 3278 8218 8571 8750 7708 288 9945 2980 3355 3884 6768 1517 7740 7509 4445 3543 4553
21 1066 1421 211 633 81 6156 1539 194 5992 8304 3242 3214 6464 9285 4640 1426 6217 8468 9371 6644 3643
25 9504 5890 8816 2470 7548 3062 8686 1045 1389 3672 9490 6187 9091 9435 5136 5203 5022 988 5775 7127 5580 58 8385 1939 3313
25 2581 4112 4830 3414 4786 2377 9288 1531 8550 561 8693 6858 6008 4850 5611 4334 4182 5703 5752 4504 1158 7717 7228 5376 7700
27 5335 8175 3549 9920 332 782 100 6570 3609 1785 4921 779 9884 4168 2768 985 3376 3598 5109 1766 9124 8899 3745 1952 1514 8641 6748
26 1560 3167 6735 47 1201 2781 3290 886 4113 5386 6235 5464 732 4469 1262 2236 1925 4954 3998 8759 1021 8836 9656 7409 2449 3458
26 3817 7861 3640 5983 5012 9576 709 8984 9438 7712 1967 678 3212 1116 4276 5568 8215 7378 3019 1577 2962 6107 8696 4841 9241 4725
25 3580 1512 3368 2056 4704 8555 3685 524 285 8534 9376 4845 999 3395 1485 6532 8846 1238 3456 9885 5578 5198 5159 796 9677
25 9256 7553 8784 9735 2741 9364 4819 2122 2910 3216 8108 9355 2204 8442 7760 9825 8461 3118 4751 2588 9986 5439 807 6595 7937
24 6252 6159 4246 5156 7882 3326 396 4937 7900 8253 3625 9780 1371 1789 8016 7056 3642 3996 4380 7833 1802 5395 6664 6191
26 1273 1384 965 7557 2250 4749 7134 9222 1197 6437 2636 5172 1345 6387 9506 8427 7945 2018 6553 4577 7485 1303 7880 9711 3860 3120
26 7499 1170 3461 5777 1797 660 3315 6579 1067 698 2729 1031 1342 3567 9181 3599 5333 7851 3937 8256 8267 4363 1060 3378 1962 7058
25 1867 3257 3092 5182 5650 7535 3793 2107 6610 8017 4106 9709 6414 7871 2712 8050 9802 3953 3131 891 7359 2474 598 8226 8594
25 6822 3409 7347 4020 7438 2857 9963 9238 7267 8661 7091 6863 3359 996 8006 7728 4822 1032 9332 3056 7423 6941 1064 3518 7467
26 2432 7070 1323 1142 9575 9477 4709 1721 4247 8603 4470 4038 2851 9183 9244 470 798 205 336 4680 7181 5121 9555 8888 2698 9097
25 1178 3029 4299 4376 6048 7278 2884 8510 5534 5527 6730 4138 6714 3682 1769 7333 3634 7919 1091 1437 4508 8251 4905 298 1418
27 3055 769 9473 6307 4703 9116 1349 9234 7613 6103 3079 5005 5117 1058 8569 6754 5483 7695 4023 8769 9443 5146 111 8948 7215 2410 6111
26 4742 6901 7471 3188 950 4481 9392 4617 1710 7894 852 2504 1471 1078 7886 5639 760 8727 8570 1244 2759 9359 3715 5653 8612 6453
25 8890 8574 2537 6076 6336 97 7984 1348 9987 3948 8649 5810 9442 3013 7995 5633 6568 9310 4972 555 7083 5065 6676 321 7825
26 6002 8773 3601 1240 32 7203 6784 2966 7415 8743 3174 5385 1034 731 3912 9060 7238 6626 1764 3728 5447 966 3533 8168 9717 3286
25 8292 8329 9191 6420 9042 2776 2954 9346 4068 576 6452 5284 5350 5098 9295 668 8757 3023 8677 5924 4616 1726 9486 5361 4160
26 672 7475 9090 3291 2382 3879 3940 8243 2412 8072 1255 6810 7904 7454 6530 3525 1237 4708 1917 7644 7324 2310 4172 7476 8308 2134
25 8477 7948 6128 6523 2171 2360 7103 5907 8134 8540 9919 4620 2793 7419 7932 4727 3497 7050 1694 3814 4510 2103 3965 4127 2163
26 5235 8484 8274 2216 4940 1487 5116 4969 2907 7389 5523 527 7130 3939 104 8528 1554 681 2066 664 1379 2318 3787 4820 566 1006
27 6277 2920 3918 7792 4920 7382 1587 9561 8631 4159 959 2154 8470 5689 2358 676 6055 4051 5110 5275 8794 2136 2925 9971 3390 6853 4241
26 2720 3005 4184 7870 8128 8353 9900 2220 8244 4981 8767 928 2364 877 2682 3590 6555 3706 7089 143 3015 1594 1680 9764 3892 1929
25 9409 3197 4255 6186 4493 3215 2075 8505 6915 4453 8960 3323 4316 5320 5655 3827 9437 8349 6599 411 9521 3003 5596 4140 9176
27 4094 3629 1492 7927 1997 9064 141 1109 2525 3085 5380 3328 5226 77 534 1654 7921 2183 7336 4783 1478 4860 7617 4162 8607 7731 2117
29 677 3607 5497 9752 7612 1030 1326 5783 9262 2386 5910 8533 6157 3574 3689 8166 8813 9318 5416 9531 6651 7514 5030 2870 3106 89 4779 2463 3969
25 9679 7287 5369 3475 5662 2831 6172 4528 8159 1061 5417 1753 8841 4345 2365 3091 5 3440 9615 8355 7664 6573 3113 5758 1559
27 6670 1757 1784 9267 7196 2999 2613 6279 9612 2693 8366 5664 5958 2777 5849 7966 745 1578 1712 404 7431 2822 9676 8313 6514 2227 1410
27 5440 9514 2424 874 4285 4396 531 9263 2477 5323 1470 7004 9205 958 5778 5360 9448 8496 6531 426 4627 4401 1173 5269 7219 8327 9906
26 2571 563 3865 6029 6356 6009 8719 3228 3044 9299 3356 274 8593 9269 974 6990 2895 6497 7033 7981 1354 3388 763 2821 9700 7795
25 9003 6403 8967 6818 241 6274 6188 8500 9379 4125 7791 9366 6604 6923 9021 8930 9895 3810 6516 4275 9622 197 1473 3611 5720
26 7657 1637 8370 9485 1684 6222 3418 934 7339 5329 8553 9583 5233 940 8567 3878 5430 9587 4737 6472 4726 2491 1641 6365 7410 2225
25 2015 4537 5887 846 4544 6132 6081 4800 387 9908 3894 8903 1682 8729 7377 8241 5706 8202 7067 3720 5410 1190 5889 2073 8185
26 8708 2166 206 6475 4953 9981 9962 5550 8237 2835 3077 5730 6733 8476 2451 6320 6432 4448 5528 5691 8036 8657 4257 6968 910 6479
25 5860 190 6756 4107 2754 3169 2602 7805 6238 8926 6165 6116 3709 600 80 4579 1821 8977 7980 6099 2490 9296 6322 8008 8527
24 7270 8792 4207 3936 7019 9357 3735 4496 196 5801 5537 5484 6600 973 9312 8318 5010 4146 5676 1739 7214 2211 6246 4177
25 8758 8277 5829 3616 6026 4664 9408 7078 2622 4515 6820 5292 7939 3982 6802 5128 3713 7607 9745 7257 869 2550 7035 7985 722
26 9847 1900 5727 4194 9349 2140 9242 553 3909 9624 9513 8212 5191 1296 8822 5968 7121 2471 2328 5144 8655 5515 8790 9792 2289 8087
26 2883 3540 9320 989 6438 1762 8860 4828 7843 6451 1980 6939 4190 1604 3437 8280 2085 6937 5946 764 1893 1398 5499 1052 4185 5697
25 9913 2079 3068 2573 8403 1846 377 5998 6699 3767 7807 9185 1072 217 3704 8162 207 1108 4707 5683 3460 436 8043 5592 8957
27 9976 4078 9649 3910 854 330 7636 3532 7562 163 7949 5804 5104 2340 8863 1974 8357 4771 7670 6427 1708 8802 2643 3180 8091 3887 3097
27 8310 6916 9402 245 8823 2000 8785 8970 7081 3862 2082 1736 2268 686 6025 5271 471 4222 4381 5612 9206 6817 5617 6323 8735 1758 7252
27 4008 9888 7156 457 5816 2077 9273 1081 4989 3874 6722 2808 2153 1956 9930 1165 5906 503 4933 6766 5028 2446 4896 6035 9499 4911 8154
26 6263 1305 9405 5049 3739 5539 1294 8303 1299 4224 5094 9541 1310 859 8283 4360 114 2489 7979 2792 4574 6411 1903 6045 2185 5280
26 6815 4984 4833 802 1175 4913 2753 3133 6674 3561 5473 7288 3824 8873 195 4389 45 570 5085 8818 1144 9340 7008 6546 9829 8301
27 7005 3307 3990 4630 7567 753 5409 4888 3798 4784 3761 8460 1073 473 8779 7786 94 5165 5936 2750 4095 5432 1482 6177 455 980 2627
26 303 4071 2714 7248 8868 8173 9897 461 3694 7749 4263 2452 6830 6552 539 9958 5164 1975 8604 1659 4431 1427 4813 8538 6533 20
25 2316 1803 8434 6498 7759 8804 4328 4302 215 2498 9023 8961 1690 8390 1011 6001 5118 6233 5266 3189 5787 3287 4540 8363 5179
26 1335 2917 4208 2118 3614 1496 2673 388 1716 7542 6059 1283 7326 3613 1444 2911 335 3246 3153 2363 8983 7484 7606 3046 9614 9970
26 8731 1138 1024 8198 2856 3789 7191 3785 7873 3584 1448 3428 9706 6655 2197 1164 6637 1056 8340 9760 5624 5469 844 7863 3111 325
25 8878 1593 9869 3966 9751 9889 5679 7207 355 793 5314 5072 4647 5478 8946 7844 6227 416 8777 1127 4303 4408 5604 9811 3386
25 9619 1605 200 1233 4029 2852 4355 4105 1532 9000 4651 5976 4890 3142 7699 983 9989 7655 4480 6892 1184 265 3028 9878 8718
25 7013 4575 3816 1634 9710 2406 3896 7361 2874 8334 5122 6339 2237 3628 6090 521 1249 4116 4193 3964 3872 491 2623 7011 9796
24 2061 7325 95 7152 7732 5382 3155 6885 947 5582 9231 1551 1786 9594 1265 5807 5115 1936 8880 9243 1356 3762 8959 5230
26 5086 7114 530 7572 152 2585 7643 7301 4866 2402 7755 1702 6617 6823 6777 6077 2295 1730 3183 7426 2716 7283 4570 1287 7881 1510
25 4058 1773 2198 3795 3701 3117 3531 1912 2766 4087 4473 1041 4919 5019 6560 2499 647 5505 1927 8625 7290 9956 6958 1341 1261
26 4618 8302 6200 6058 2409 8176 115 9228 4773 4472 216 5704 3072 9348 1750 6511 4945 8394 5126 351 8144 6285 1408 4649 8123 6870
25 7929 6849 4421 7226 8110 6989 9101 847 1393 2373 8289 1534 1882 2700 4974 2772 8231 5546 6957 4447 5127 2985 2697 635 5390
26 5300 6404 4935 4826 9179 4986 4384 8164 8638 6683 2063 3316 4746 7177 6686 5132 4362 5194 1099 7218 182 5399 8508 8482 4790 6063
28 1315 9707 7429 2233 4164 3108 7685 9923 990 4347 3157 6443 4012 5786 2994 3747 9870 5195 4946 2778 750 4321 3162 8707 3422 3718 2540 4374
26 4059 3276 4233 6922 4297 552 9265 5160 3314 275 5411 1395 2443 6308 6117 7982 5840 2226 7367 8781 1018 8919 1669 4203 1472 5253
26 5192 7936 4084 4225 9450 5642 2076 1101 6178 8148 6821 6625 5097 5168 7273 185 4765 9108 673 8012 7694 4530 9690 3520 5057 6271
27 5299 6783 7401 6110 720 1503 4035 1369 3434 1220 4062 1861 3714 5872 4993 8992 180 8896 6554 8287 9715 766 9887 7136 4759 7042 1547
25 4855 789 5996 935 6966 2434 9539 7532 3905 5306 9085 9716 3968 201 3195 6960 5832 4240 8985 1808 5075 4231 8488 2376 9990
21 7463 8715 4011 7386 3122 6197 6190 5556 7560 4881 801 3061 4960 2111 2058 446 8908 9184 2592 1093 1705
25 273 5858 2074 35 9180 8151 4588 3421 4072 93 5004 7707 9863 3389 8297 1763 179 8561 6487 7954 9266 927 6441 9569 9380
25 3444 5991 2518 9190 7684 374 5070 9226 4821 7566 122 2231 812 9957 1298 2367 858 8405 5185 7348 7885 2259 4424 5458 8700
25 3696 4437 3426 7444 7479 7941 7812 9268 1924 8105 7090 9848 5943 7330 8013 2816 5987 8472 407 6796 1665 3671 3238 4018 5504
25 9305 7028 3989 8464 2787 7448 7113 8038 5394 4654 3550 134 4459 3152 5106 7447 6309 5997 4465 2902 4458 5812 6148 7649 3749
26 9563 7687 6164 4064 8796 4862 9948 2702 7474 2645 255 7062 6774 4663 5681 96 8905 7747 5828 4672 2853 6933 7297 2940 7335 8582
28 4377 6412 713 5387 5089 5732 9712 9546 5553 8296 7726 3285 7462 4809 510 9548 2739 4740 2459 1704 7038 1878 4434 1133 5551 7818 7733 3569
26 2135 2949 8458 4196 6012 4101 3760 7274 7516 862 5317 3877 4388 7798 2943 262 9188 3431 9530 3407 9069 410 6317 9507 2864 8210
25 700 5615 5480 4137 3778 4119 2270 7924 9298 4625 6908 7100 8143 6033 2678 1890 6506 7 4757 4466 9648 900 2492 4320 7049
25 8703 1438 1002 8856 832 6618 1168 230 1787 4539 4128 6171 8673 42 3374 9853 621 3769 3933 725 4174 3995 107 1579 2618
26 117 3579 2626 780 5107 1676 7988 5915 2246 4550 4523 3536 6773 5729 6249 6054 5585 5574 4271 1404 2704 6700 8877 1312 9753 7173
26 3442 5137 2523 1260 7193 1324 1494 2108 9701 3432 2078 9150 6785 6798 7385 5754 6215 5114 3272 6100 2775 9013 2521 6576 9721 5953
24 7913 7804 6563 8609 7816 2556 1930 7926 3463 7645 7024 5052 5852 6282 4155 9034 6310 2723 4670 8095 2219 7991 790 9673
25 6695 8262 3334 9549 6173 1239 6359 4433 130 9968 7259 1047 3796 1538 4036 2555 2476 2510 9098 9197 5644 4230 8879 2411 7533
26 1543 6831 2899 825 2261 9100 3513 6491 2565 8416 8721 2959 78 1140 619 7536 344 5119 8466 5321 7593 2460 3971 8371 7943 3279
25 3156 2384 150 8991 1693 921 6544 6909 8097 9330 6234 1818 7520 4925 4053 6791 2872 7105 7589 4668 2815 3734 3987 6242 2818
27 8518 9393 568 8020 7372 9804 354 907 578 6582 1198 6306 1320 1988 5597 4512 9293 4187 9323 9445 7634 5634 5831 8096 8581 4641 8113
25 5769 7993 6804 2425 2041 5982 949 1589 3271 4317 714 863 2414 8438 4122 1632 1007 9973 3367 2726 4753 5883 5055 7356 5173
26 7040 5808 1363 3605 4587 6643 4792 9566 5709 9038 5794 5364 6105 3756 8015 5696 8679 7667 9365 5079 4604 8893 5311 5647 1823 8377
26 3855 3575 442 7737 7994 4541 930 2680 6386 7967 6290 2205 3053 3568 8294 1409 2091 8900 620 323 4199 5316 3945 5973 778 2169
26 1515 3371 5572 1527 656 9497 8595 649 5770 9584 1012 5340 8601 7860 4963 8121 727 3587 5067 4926 2574 1801 4390 669 3928 2724
26 1992 7956 7398 2642 7085 8795 6967 876 1297 2264 4426 4777 1307 589 7962 9510 8753 8135 7023 7992 9525 3837 1645 4242 7568 5790
25 9325 8736 8832 8133 8995 2732 6374 2035 52 1428 4533 4942 242 2721 8200 8922 1329 8643 9693 4294 7055 2877 240 2456 1207
25 9675 7180 8462 8146 9738 8876 7555 4397 3225 7142 1037 4136 5309 4621 253 2030 8944 4755 5843 7159 7739 2628 1095 6465 3069
26 6198 3148 3779 9769 208 127 7216 8214 342 8481 7587 1914 4429 6707 9055 4684 1155 158 7841 5461 7074 899 937 5977 8044 4891
25 7928 8670 3317 3193 4615 2209 8485 2547 2796 7627 618 5313 4567 8495 2500 7930 9344 4492 1556 2194 8982 4691 8249 8137 231
25 6807 6150 9469 5957 2181 8882 5400 7715 5101 8326 6974 5715 9824 7581 7433 2303 4386 5774 4599 8685 4463 7374 1141 5476 8921
26 4435 3253 3826 3396 2896 4205 5913 1942 5564 8843 4675 776 3027 7552 5157 6947 9471 604 9907 6166 5927 8139 9585 4079 9461 6016
27 2009 8640 3294 6206 615 4245 4639 4798 7037 2397 9838 4840 1781 5565 9877 803 1696 4650 2487 9500 8514 2503 8834 7618 8404 4296 8350
25 3869 9449 8548 9382 6575 1146 6946 5033 4689 4221 6138 9498 6583 5421 6811 5498 6229 1807 3890 8765 5657 1935 13 9215 6210
25 4307 817 7355 6425 6638 5838 7066 5782 9192 7647 4009 8437 7106 3352 8954 8233 8052 2342 532 5974 4413 2458 1497 2814 3408
25 375 5948 1869 4050 5352 3949 5045 9496 4634 484 1123 5911 6102 8969 3844 1119 3801 9455 9468 1362 1545 8352 7165 5855 8120
27 474 837 9935 4910 4228 3047 2482 7118 3429 4293 7222 1396 6423 7510 4359 6697 7032 9598 287 9415 6330 526 2114 5811 12 6518 3825
26 5868 1105 6875 4482 7883 5830 6013 715 1248 384 3501 4290 8599 7331 5793 9386 5930 110 5066 362 8423 7268 131 4295 7586 9329
25 1040 8848 8835 2212 2473 8324 2415 544 8502 4248 6926 6522 6996 8672 6219 3519 551 7892 3934 4416 5932 3128 9196 3500 2983
24 222 8158 6192 1399 529 9858 7778 4796 7231 9022 7007 5904 1770 2913 8828 451 9791 9125 8389 1366 6032 1452 5294 472
26 1005 8425 9316 4088 8042 1352 6971 584 3211 6389 6292 9136 6778 5969 5963 850 1361 9892 8633 9777 4545 390 637 2329 9937 1948
24 9550 3773 1843 8768 8951 2362 5526 2025 1461 7610 1555 173 4915 9708 3955 7258 7736 9040 3861 307 6594 7814 3591 9354
25 3555 6329 1524 5347 8187 4017 5914 4857 4564 1774 6146 6970 694 2567 7362 3684 226 6295 5325 8056 7158 3681 5077 2138 4091
25 1135 493 6710 6119 6871 2675 9817 3425 1871 4219 4906 9943 5080 2285 5181 162 1089 3695 7827 5928 7044 1479 1576 4350 9326
25 3578 5189 439 3453 3190 7808 40 3751 2104 8764 1513 1649 8115 8060 4102 478 3649 3831 5056 8999 2098 3819 4927 818 6260
26 5424 4781 9813 7874 3270 4555 8909 6243 865 3854 3925 3573 7192 5396 6478 7160 7360 7545 5438 3653 7338 7676 4354 1015 5865 5108
27 5693 84 3236 2511 601 7464 5088 9151 8407 1568 1656 5140 3902 6846 7292 3707 7541 8002 8065 9279 8723 2251 8867 1809 234 5046 8131
26 9140 3596 7406 1186 1667 9737 4356 7829 5610 2938 3534 5919 4912 1382 5882 4817 4849 9903 3678 8639 4010 2013 1120 3522 3984 1212
25 4894 7020 8786 210 9949 8973 2288 3469 4074 3443 7972 2947 1340 701 3004 2517 558 9066 460 228 5251 702 4339 9311 5859
26 920 9864 4502 6316 5428 1181 1523 1016 5878 2034 918 5061 9224 6318 8362 7500 7887 6144 4488 3240 2798 7669 4785 1699 4133 8850
25 6706 203 8224 4202 9135 8118 1062 9377 8109 4329 4692 453 4369 3961 7388 8704 71 4598 5015 2529 4780 8602 1983 6087 9117
26 9799 1609 608 448 2352 9068 4331 7014 5608 2141 3645 8177 1525 7265 8336 968 6400 6388 5153 4483 4132 258 188 4049 9545 5543
25 2559 3311 2147 1252 1106 4063 4415 1004 6808 2439 9270 9880 4460 5763 8971 3337 3491 3187 9088 7878 2689 438 2007 2286 3737
25 5717 8711 9045 8747 7847 7171 7466 137 9324 5559 8705 495 2016 7153 8347 2832 2416 1333 3048 2302 6895 4728 9909 3284 3204
26 2695 961 2026 4349 3740 1365 5622 4971 2898 4722 582 2501 836 2749 4739 5966 7299 9093 625 9528 9606 7681 9010 9749 9831 638
26 372 4583 8328 6220 378 6089 3746 1476 5105 2417 4330 5694 6396 5274 7047 7302 9663 6837 2092 4005 5555 4998 9290 2610 7146 9573
26 48 768 3176 5699 2635 66 2979 6593 2972 4019 1688 9722 8009 4382 1824 3545 9591 917 4952 9149 7544 9147 2764 6782 7017 4047
25 7952 2357 9543 4016 1913 6346 5603 3621 9823 7866 5042 6873 5502 3010 738 4176 2974 1397 165 8000 8994 8369 2833 2221 391
25 3654 6669 3199 3502 8273 674 9388 8952 1612 4899 5651 2684 4712 2254 4732 5530 3806 651 1877 4283 6358 2767 6665 3218 9430
26 24 7891 1010 9680 4065 7411 3165 4031 1541 6963 4060 8074 8656 2413 7958 4191 1505 358 4022 7478 1490 5322 6057 828 6257 8022
26 4090 9084 1406 4794 5663 1222 5241 4477 5632 7122 9287 6712 7125 7582 2560 8170 2371 9059 4576 7688 101 7251 8861 6088 3107 1646
25 2869 726 7631 8614 3038 1553 8996 1947 3752 3924 991 6459 6679 5479 814 6736 5518 2071 6049 2372 8825 3676 2157 6917 3857
25 8962 699 697 6567 1465 9158 1246 3499 310 4701 9444 3487 6130 6543 1707 4847 5078 5707 6899 5276 6005 5833 3652 3858 3562
26 2356 4637 8104 6836 4405 5263 2480 6331 6416 7940 1897 126 581 3161 5805 8498 2752 2889 9662 191 8942 9067 2669 1377 9558 3883
25 4150 6493 5554 977 9457 1331 691 5824 5211 1199 866 2109 3973 1035 8317 7201 5945 346 9491 6761 3604 8195 7183 86 8517
25 6115 3358 3717 2731 9375 2240 8058 5074 8186 3039 6415 9939 8628 9218 5007 8886 5742 765 642 7054 2827 7722 3405 9938 1343
26 3988 9347 6410 9947 3807 85 993 883 7334 2607 2526 1027 6442 7853 6286 9621 4524 6632 8634 2743 7660 9432 2598 6981 6 4103
25 5885 9128 3786 9562 3433 6896 8990 8953 2548 8293 6779 4489 5475 2996 9914 6667 4341 9261 8408 9343 3254 4052 2277 5637 737
25 311 1697 3105 2442 4171 3439 7907 716 5289 7865 7220 5102 5625 2433 7095 8045 829 8356 5781 14 6834 9467 8156 3620 4846
26 4379 3249 7768 5955 4291 5375 2355 5031 2206 8125 8741 8545 6897 3130 34 4210 4900 1036 3034 7450 7300 3978 5404 5896 5876 8147
26 7399 541 1651 4836 9464 422 3729 147 2989 6769 2599 5929 3808 4715 3700 5645 7294 3563 4216 7053 7204 4908 7310 797 7789 3528
25 7561 7116 2782 4666 8035 2160 5298 6161 4787 2370 2740 9337 5166 786 3076 641 6557 4081 8005 4287 49 8683 831 2032 3755
25 4143 3651 3362 7380 645 2706 459 8288 3231 7006 9247 5249 8539 53 2582 9605 6661 6395 9063 3037 6448 5926 9168 6080 4013
26 4494 8950 5698 1518 3398 2105 1422 1620 516 7407 8963 5083 2960 5925 4025 3917 8047 3516 2427 1153 6731 3703 2671 6461 8674 7472
26 6228 9852 7975 3585 1835 7135 5193 4163 8444 2601 3282 7529 276 3660 4517 3342 4201 9695 781 5797 8924 9301 1731 5434 9834 2273
25 622 8055 1955 1777 5291 5853 8245 5001 4802 2228 2535 5587 8881 5093 500 787 6256 2932 62 2709 5095 2703 1278 749 1226
26 1833 2536 9806 119 8831 5724 3770 6882 7145 3722 6953 6983 3159 3237 9086 2687 2267 9924 6887 5338 9339 3492 6845 9025 1088 7223
25 6541 1984 3403 98 9065 1613 7761 3086 6848 501 5880 2478 5002 9395 3387 2162 5823 4949 2707 3175 1128 8130 5718 1892 9227
25 6961 2436 5282 8653 7092 6213 3099 4244 4406 9826 3115 517 9661 3330 1533 9518 5152 3301 9750 1380 9759 7905 302 9560 8019
25 29 2641 7638 7554 3112 2919 4006 5021 9319 6866 9351 5032 809 5675 528 8720 8422 9174 848 1242 9984 2161 8838 3400 295
25 1664 6199 9012 417 761 8665 8272 1872 7488 5176 9407 1834 1000 9275 2389 1451 2514 5414 8455 486 4633 9390 4976 4683 9776
25 55 7320 5748 4558 2060 5124 7729 9077 4211 5163 6375 4471 2634 7313 7015 4166 2232 2650 6084 6183 4261 6534 6715 6994 8480
26 9523 1372 481 6430 611 292 6716 6460 76 5040 1756 6366 5862 3438 5747 2282 3662 1196 2347 4721 5264 1213 1969 7996 9635 3380
26 9216 7129 7379 3058 9538 5866 7693 9264 1875 5909 7750 9213 2017 7405 6801 1828 868 2803 2647 2562 6097 9703 5368 9146 5449 8069
26 9283 739 4624 5711 2600 7477 8300 4584 5481 1810 5353 1624 1982 2398 4097 2150 7852 2029 6010 5328 68 7427 5147 6944 5900 8874
25 4842 6123 209 57 3119 853 178 4871 897 1464 9534 7570 4710 8247 9372 8286 8966 2620 8409 6236 4375 5667 5202 2172 6507
26 2576 9406 9627 9705 982 2119 9964 4944 8051 4085 8646 614 9480 964 1989 9966 1548 574 237 3166 9426 3260 6334 1191 2609 9916
25 4948 6377 5566 8368 1886 4696 7143 30 7120 7842 366 7351 6854 1351 4932 3897 3171 167 5609 1954 9567 5011 9220 9918 3985
25 4346 4387 8573 6021 9681 8030 1985 7453 2057 9240 9358 257 7353 4902 7063 1596 2403 8660 7774 3273 5750 783 5254 1972 6750
20 1888 3354 4411 46 6832 8033 6223 3776 1416 7782 7832 2003 5761 4603 4215 932 5141 371 7391 1210
25 734 9985 5535 3915 8530 646 5803 6907 365 6642 543 5444 4259 4521 1068 6347 8392 5412 2824 4417 4129 31 4729 2300 9374
25 3149 6740 4665 5892 9118 3775 2275 5356 7680 8007 3753 8745 1286 7653 6376 2381 1131 3822 1520 5467 9439 5949 0 4883 1318
26 7119 6457 4848 4973 1557 9842 5951 7197 6562 2804 4055 3251 1050 6608 3448 1373 4513 2028 6835 6934 5791 5521 5460 9669 5854 6221
25 4214 1635 6536 1272 7209 9035 1475 1338 2846 2383 692 9163 2142 3980 6906 3332 6037 8457 3226 6508 6300 5685 667 5312 1805
25 7862 6239 7243 3220 2900 9570 659 7830 1598 6201 6353 6629 6612 5183 5383 9565 9342 9399 6688 9008 5869 6096 5937 7289 8178
19 157 5516 2651 9972 2969 8103 6548 2390 9072 2284 8161 7854 3711 4178 9580 427 2252 1084 5547
25 2986 7329 364 7579 3435 9062 8780 3505 6883 6824 6799 4549 547 9400 1477 7590 9081 7029 3243 834 7416 7073 5485 1137 3631
25 297 8376 9030 9951 2178 2930 6237 4206 9303 4685 6728 6861 5482 7076 9740 4026 2549 931 2069 5151 7469 4769 1301 4522 1293
25 1978 6877 5285 596 4450 8652 294 9526 8746 3474 7547 1217 9237 1094 8526 7656 2820 4192 3658 4922 1112 7039 7563 5798 4799
25 3103 4693 9255 3375 6538 8742 1864 5009 550 4086 5133 3123 2308 449 5525 4039 8805 3132 4557 7963 7539 4519 4752 9765 1082
26 5341 9463 128 5888 146 5660 9809 2121 9720 9056 3977 9542 1065 7461 4619 5607 8852 6935 9413 3803 5773 944 901 6470 8001 3617
25 2912 5491 4109 9254 9872 3958 4756 1309 1271 8988 492 9955 806 7179 5921 7721 9050 6671 7358 9271 7859 7412 5362 9818 170
25 3281 3608 69 3583 348 5713 8062 2541 319 2151 8748 4351 1125 7418 8234 2419 2860 6524 3309 3280 9746 3612 2224 3559 9766
25 5716 7230 1959 6474 922 5366 9505 2948 1466 6591 2633 6083 3078 875 748 5605 2124 3087 367 38 2865 8398 4126 6881 5029
24 957 9459 9702 1245 159 3623 5064 2366 9155 6363 3139 7497 6014 2524 7280 4612 8558 4402 8114 9260 421 3741 3535 7986
25 6724 3160 8351 5668 2981 3530 7629 7794 2052 3070 2715 2213 5561 6790 8844 6510 9991 9253 6143 9217 6770 4418 3288 424 2755
25 445 4414 9559 3445 6825 871 7513 2156 3782 9219 6920 7298 3763 1827 2269 1124 4917 3467 1126 3348 4928 8275 9775 3264 3975
25 3693 8021 4080 5719 992 1453 244 1376 1981 3436 889 4251 9470 7605 6847 7449 4889 2575 1571 7826 8100 8724 9198 6433 9334
26 2020 2942 2681 5686 8034 7665 1862 7604 987 3597 9994 4212 4217 1291 4745 1650 505 1916 1574 4151 3932 2734 5839 8 6241 1569
25 8395 5113 9636 511 3057 380 2045 6248 8815 1907 1308 6513 3913 7206 5614 7420 2674 7658 6017 2070 2879 3792 5825 906 2597
25 2008 4885 9011 4410 6034 772 2053 7822 4856 5092 4457 8343 6061 9153 5789 6162 3318 4304 1483 4596 8451 5806 4267 707 2770
26 8406 9052 7648 2497 4806 708 4497 7903 7872 9734 8268 4569 8997 9862 2552 6709 9959 7908 7625 413 6074 9771 2298 7565 8770 939
25 5598 6658 3510 1550 2952 6280 8694 508 9789 9157 4893 5640 2939 3397 4631 4370 1894 5053 3324 652 1507 341 3035 8897 263
25 3030 2748 6879 3537 6133 1583 6121 2393 2281 670 4825 9403 9682 1535 8697 3401 8465 6214 2968 9898 6421 296 6635 9577 3021
25 3471 6884 6202 9613 1884 4966 6587 9632 8691 9221 8261 3447 7352 125 9665 5741 1687 1971 2727 1915 2096 8205 4918 2794 6721
26 7141 4428 1564 7312 3370 1565 4724 8266 8659 8450 4562 1130 6325 4578 5738 2728 1151 2666 1258 4108 1788 60 6979 8138 4277 1134
25 8102 5510 6327 1386 9832 7730 5861 7234 1679 4499 2710 909 7260 8387 3353 1717 5346 2255 6929 236 9600 9668 6273 3781 3064
25 8840 5990 3603 2934 6601 4027 2558 5933 4642 8136 2765 1516 5552 3873 1224 7815 2127 8474 6760 2725 2888 5846 9123 8106 8535
17 585 5621 9199 4089 8229 8883 153 2461 9686 7706 4500 784 7491 5669 9997 7742 6458
25 268 2838 5307 665 9610 6247 1725 6746 1639 6696 1328 6262 4903 2311 3777 2177 1049 192 9551 9840 8929 5224 9120 3229 710
24 4495 8435 2718 3325 9134 7309 9478 9859 6211 9778 4682 5167 5071 7969 2615 2081 6646 6732 1445 2747 259 1295 3791 1887
26 1353 109 2401 956 6703 9429 9731 2809 6910 4566 6726 5016 2756 1920 5589 2662 7738 9578 1858 1484 429 2604 9307 3126 7131 3618
25 5406 5743 3947 1500 2323 2304 1098 5967 9882 7525 3959 6444 8153 6948 1053 5035 3144 8365 1742 8752 9294 5429 4697 4531 2203
25 8342 3208 2539 290 9419 9645 369 4491 3811 6775 9421 283 663 4982 3483 8402 2222 7139 7225 4864 2067 7938 762 8622 6795
24 5649 368 1508 4318 7263 8220 352 8026 2882 7651 4941 8931 9674 3805 1856 5573 6232 5197 5290 8142 2908 6151 6492 5571
25 7640 4260 3129 1628 2997 7239 353 9896 8857 9934 774 4770 8127 8360 7107 6827 9047 9982 8483 4183 7705 7458 5239 3848 9131
24 1528 3572 1908 8079 881 1436 4776 2374 4628 7620 613 8299 8246 4322 723 6564 5618 3357 6520 9057 9336 4823 4 7182
25 583 2512 9890 9657 986 1968 5260 138 5462 8225 9378 6281 3962 5877 2522 8732 8885 8084 6369 2692 6701 5895 4149 2457 8947
25 2941 2123 482 8419 5601 4070 1455 3507 7998 7796 2580 1761 9718 855 1025 8875 5277 2811 5236 6535 1279 7611 9446 6405 1019
25 8204 2791 3017 7337 5799 9394 1110 5123 8494 5305 4264 4547 8270 1026 305 2590 2149 7910 2891 5354 9601 6631 5737 2516 5063
25 3025 3758 5425 8348 4372 5695 9075 3230 2179 7823 8431 103 6829 4468 7598 7923 4678 3306 3548 1085 4994 3637 2502 7772 3402
25 1735 8586 409 9483 7901 643 2292 8239 65 9333 2805 4232 3841 2876 1839 1673 3312 6284 389 8934 7983 4364 329 5408 9536
25 5304 1630 2455 6550 313 9475 4274 118 1292 2513 1876 357 512 2563 7720 6675 9360 5795 820 9051 1059 7577 1288 4962 8122
20 4829 3050 3539 5405 6297 1922 7483 9767 8325 7549 6528 8975 9856 6109 3071 3633 8503 9024 840 2813
25 741 7210 248 1580 7922 4713 2505 8645 4114 8793 7701 9658 2189 8068 9616 4336 7997 2951 6976 8499 4967 9773 1586 3665 4338
25 5381 9246 7249 856 572 9647 382 7691 3496 9230 3154 1075 9978 2834 3360 6545 7678 1744 3941 1280 7307 2836 9494 4069 4592
25 9979 9544 8254 6771 8854 952 2314 4147 5630 624 1822 887 7505 8512 5524 1780 6720 1713 5726 1044 9200 5813 3014 7235 4750
26 8559 4706 5636 6645 6357 9276 1768 9031 2234 4690 5999 2595 970 5220 4529 8927 5330 3517 8859 2249 5822 7888 1234 898 805 8217
24 6321 1970 497 9171 6251 9975 6932 1159 5278 4487 8986 6565 5975 813 3888 2699 5365 8611 8479 5459 3983 2321 8430 1020
26 3743 9452 3821 2167 4914 1346 4327 3843 7167 4772 2345 7237 3016 1567 7753 7175 5149 1648 6624 1607 5272 5749 3327 7151 7714 5586
25 9581 2006 4815 8219 4024 7811 7150 2192 3799 2909 4073 7615 1964 3738 1606 334 7247 9893 6797 3219 2970 2064 401 1898 3514
25 1269 8629 8448 1 7692 5457 6962 5879 9810 6713 8031 9894 322 4461 6636 6704 7295 2306 1675 1849 4392 602 770 437 2664
24 6039 277 306 6512 8695 9133 4117 2557 2931 518 7790 183 1719 4004 6666 2858 3109 8756 4313 9007 7087 948 8332 3994
25 8520 7357 3830 1873 2927 9165 175 4638 7045 8063 8004 4985 2039 155 4754 752 7031 3089 7845 3302 5489 8666 6685 4451 5857
24 3457 8774 5120 2825 657 4400 8827 1008 4456 5247 282 386 1229 8821 4438 9723 3809 6259 5800 9953 1812 1536 9876 9827
25 8728 3138 6003 6856 8421 5952 4045 2885 5569 9754 1921 5529 1918 2279 4762 9699 2617 5594 3297 1795 2830 7202 6112 4040 5273
24 4687 1192 5712 5503 6399 9070 5903 8871 7689 4543 8725 6176 6483 9725 9102 4816 6549 6092 1344 2450 4324 690 4057 1139
25 3564 2538 2566 3938 2799 767 2543 5514 272 7594 6240 4591 8817 3813 7917 5590 7893 8600 5549 3020 1481 8222 3310 9369 8098
21 580 6296 2967 942 560 9912 9687 5486 8492 9571 1322 8048 1423 1623 5492 6408 8663 4484 349 18 6819
25 6649 8459 6765 7683 4887 252 5835 6566 3845 2694 1814 6540 914 9946 9488 5993 9315 2001 861 6065 1367 3041 9646 5819 8618
25 61 4959 2495 3191 5495 8523 843 4249 463 10 5143 3201 3101 7137 4801 5401 3823 2317 9115 9905 9520 5435 360 5874 3586
25 4788 9851 3557 4115 6216 39 3648 7370 5635 6708 946 2344 8669 28 8525 5427 8305 1270 9016 7850 6872 9493 7026 4479 9638
25 5161 842 8207 9071 7840 8094 8506 7724 402 7296 4033 232 3299 1901 7327 2733 6660 7470 5989 1987 4391 7051 2730 5232 1923
25 6456 315 4673 9524 6648 3482 1521 3731 4892 5039 6447 8576 3399 9447 6758 5339 3764 7244 8568 8702 145 4077 926 3012 7460
25 8179 5818 5025 9654 7232 7276 546 1259 3210 4266 6888 2437 3266 2528 9801 6860 3670 5200 6992 3876 5814 1728 5978 2312 3724
20 6952 6951 6293 8379 1160 6999 6793 9436 5391 8129 2186 1836 2097 3804 9519 8235 2080 7184 2337 2964
25 7877 7704 730 2036 2937 5043 6283 6333 6838 5208 5532 515 4237 9828 487 2619 160 6918 5762 3899 2746 5242 2683 1115 8453
25 7799 2788 1218 4629 5267 2661 2810 4653 777 7763 8976 4075 7018 9175 5506 4505 878 4325 9404 3100 8441 3627 9714 6258 5631
25 489 3329 9286 2916 9202 6698 9440 9911 3031 490 3595 4368 7978 2294 8845 3158 7835 4436 1546 7261 5867 9189 8397 9736 1038
25 9207 4546 1177 640 9527 2745 9655 2407 6596 9574 2561 6682 4430 7773 9899 7571 4015 4110 1157 3423 3488 488 1195 3719 4348
24 8184 7314 2112 6398 8167 1415 8014 6319 6203 2945 8344 4135 6763 9425 4748 743 5319 2120 4298 6011 1419 3304 6481 998
25 8420 8699 5017 8093 5751 2802 3203 523 9667 3592 6312 8544 7340 6859 139 654 3730 6577 6040 8619 6440 7369 5964 4778 6060
25 8675 5654 2973 9579 4764 9481 3901 8864 8901 6378 4365 9152 6995 1806 43 2672 7767 1274 4229 5129 7600 2133 5616 5334 4538
25 6424 6558 9385 6842 5091 120 4623 6056 5301 1681 8775 8415 3551 1782 4936 4835 4827 8315 9857 5613 4161 176 2113 8463 3812
24 5245 6053 7000 8059 8642 9458 5764 2760 2769 8916 6527 7189 7417 4560 3018 2454 1737 1526 3835 6287 6015 4308 7436 3043
25 6160 945 9805 1723 5371 177 462 9950 5188 7384 7394 2159 361 7098 8596 3081 7254 2953 5013 9465 308 4189 6212 2839 181
24 7468 7086 8791 8529 1169 9272 3986 857 6857 151 728 8010 7354 1618 8776 1706 2050 2744 522 3698 4399 3923 3712 3723
25 1866 5744 9874 3783 4139 2126 1859 2875 6134 953 3339 4312 7944 1493 6027 2708 9855 9618 6936 33 4509 314 3529 7751 6350
25 3692 5875 1054 7172 5656 7096 8263 1391 7614 3127 8383 9142 6874 7583 963 6753 1919 9501 2849 8240 299 7869 6959 430 9915
24 8578 4661 8554 9819 2771 9763 9639 890 7164 3277 2244 7016 9929 7960 3774 6687 6690 7519 5531 4474 4337 6147 2922 144
24 9121 4867 3022 6886 4930 6630 2164 5959 3269 4851 3141 3832 1289 3503 6079 4738 6623 3479 3882 712 7269 7673 6840 8847
26 1993 902 1221 172 8236 5169 514 3895 4209 8807 683 9113 3489 2903 4234 3908 8709 4923 2002 1506 1549 6368 6693 7496 8690 8789
24 3239 1251 9586 3420 9678 2011 7316 2958 6181 4768 3222 4032 6855 4082 6382 6072 6371 9099 2005 8046 4134 8452 3134 9172
25 9901 864 3263 9557 2660 9836 2867 3851 7898 7262 7879 3686 9335 2004 3926 1775 903 44 3600 5283 6482 9552 6384 5318 5841
25 7911 5393 3381 1430 6272 8101 8486 1417 4167 1591 6772 9428 8855 5984 7486 7168 6980 8358 2929 3248 4610 1683 8311 758 5629
26 9411 3196 8309 2992 1647 595 6672 8644 6106 880 7672 6167 8049 1727 7839 3000 2542 4961 785 1039 9875 4808 1403 9277 6931 4186
25 1563 9556 8521 5917 8037 7633 711 1979 8788 3606 4044 6486 7646 1469 4736 7925 1732 1540 960 5037 3886 7977 8278 759 626
25 4882 5358 8440 6749 8194 9564 867 7498 4832 5768 3340 9816 5733 5728 3736 4501 884 2826 2705 6592 4551 7343 8216 9650 1254
25 5902 7512 2690 5240 4659 300 9928 3305 2893 9368 5472 6692 1854 8281 8676 2646 8730 7185 5740 9036 7696 2905 4305 447 7111
24 7229 4648 1276 1792 233 6744 6344 7075 8819 3267 3065 467 3088 8829 6385 6787 9076 3911 9502 9660 7603 6876 8722 4716
25 4066 8323 5562 8682 5690 2527 1943 9623 7383 4204 1720 2990 9162 4419 851 2655 904 7780 8658 6394 7803 8090 9383 392 1378
25 6965 8449 9944 3566 6705 9742 6476 1643 3173 2021 3847 3256 4632 4144 2242 3419 5759 3096 3094 5897 1899 5209 383 7899 9281
25 610 2963 8410 4869 2207 6805 9424 4046 5725 8126 4582 2955 8199 4876 6429 5905 605 4671 5965 804 8238 8487 316 8396 2544
24 7318 6786 4153 7698 161 1189 425 4449 5134 724 5780 2325 6945 1171 2378 3344 5677 9107 229 4580 7946 4310 82 59
25 2429 4511 5541 8766 6402 8116 4213 5684 4561 5670 2614 3392 1145 9704 1671 27 3320 2569 3177 1172 4743 6291 2583 7069 2862
25 6633 9974 8346 7690 376 7777 7169 4677 4301 3121 7009 9643 6975 3331 9597 7752 4030 5938 5081 4284 5935 8943 4996 4506 8870
26 2278 3951 1267 9625 1910 704 4130 2054 1176 8027 3593 4518 8524 8565 7072 1990 8196 5826 270 6653 2349 3250 5735 8429 757 6185
25 2774 5332 933 9492 4990 826 636 5700 9659 5073 5767 9867 1857 6590 4395 3526 9756 4169 6383 2625 1662 3184 9095 3093 8710
25 9020 9996 4717 849 1319 5962 7971 9074 9362 1842 3416 8025 9194 4165 6628 1214 4975 5297 593 6449 3702 5599 3172 1306 8054
24 2418 6125 6742 6261 2984 3867 5221 1960 2042 3182 3241 171 9748 2545 9009 5802 1268 2083 1028 9689 7052 6998 9004 2271
25 9291 7846 212 3972 6101 1023 458 1193 6864 9361 3377 7588 8513 50 6572 9786 9839 9672 466 8626 1600 1619 7748 5931 7036
25 9626 1874 8536 3026 4643 6589 397 1752 5201 9785 1383 7743 2644 2995 420 1457 1243 393 5961 5641 8454 5044 8647 9396 2509
25 9187 8739 7637 6352 1046 8597 7445 7915 3476 2125 9418 744 9331 8314 1187 577 2616 548 504 1161 2629 6207 8279 4568 8375
25 8509 9768 565 8192 7682 2797 8956 4559 2829 4669 740 684 2084 7875 4674 7855 9453 5403 9178 6417 3727 1751 8613 7459 5665
25 4586 3459 1313 9512 671 9466 5008 1048 819 7149 8140 5981 7735 8824 309 5196 7480 8537 2369 4983 6606 5688 4197 9589 136
25 4644 7779 3554 7211 896 7762 4775 3997 9300 5583 7506 4067 5258 7543 2336 7396 1616 9529 1070 5960 6209 8089 9936 7824 6494
25 2327 8566 1640 5158 5069 8228 2290 193 5062 2621 575 1387 693 4694 3577 5463 7212 1174 5940 8577 6725 5138 1147 1602 4432
26 4098 1090 8382 7323 4652 3124 1211 485 281 6839 399 8906 3300 3484 8252 7591 3365 3217 1760 6723 9931 2046 9608 9977 7393 8543
23 7227 7446 6392 8112 1746 8981 799 6515 1339 8917 7734 2719 6620 7272 6315 1413 2258 5788 4760 3626 7784 7303 5821
25 6694 1625 3066 5303 8188 7746 2343 7817 1934 5864 3213 3150 4218 9489 6225 2553 7128 6852 7495 9719 204 4977 6093 8654 3289
25 219 5359 4761 3666 8937 1152 1700 4236 9167 3846 1394 9917 1132 8763 363 2010 1432 588 7421 4814 7836 5248 3677 8211 1009
24 2176 4507 6984 2059 1745 2790 6727 8182 5041 5442 5785 9727 9363 441 5059 3725 1661 4956 123 7744 4315 2421 8374 3588
25 1815 2426 3462 6903 2551 7282 4227 9729 9106 9998 7990 8993 8359 1749 7608 4514 827 8322 8011 4766 480 5431 3871 5058 3589
25 3008 8426 4875 4141 9209 6422 5899 6067 5256 1840 7363 6833 2062 2892 8003 6299 3383 3794 8678 4422 6401 2307 2998 9259 9860
24 5222 9503 2881 2577 4485 4872 1302 9849 8799 754 2506 8284 4614 9732 5490 6362 2800 3515 8124 3705 8411 6627 685 3478
25 8271 2106 8157 267 8546 2665 4838 8401 2359 736 1499 433 5956 116 941 6091 3382 6878 8751 7317 8223 1658 2100 587 4156
25 9670 5034 1804 7662 6584 2817 5014 7564 1584 2037 5379 9278 4852 8689 6289 2688 3223 2022 6586 6890 7947 955 2170 3688 406
25 2944 6155 2717 3542 617 4636 7515 4767 6140 936 304 1832 1450 3446 2757 7961 5261 5765 5454 8762 5048 2593 5150 2926 8171
25 6361 9137 3541 4657 2464 2385 9019 1051 8193 4916 4843 6862 4323 1136 9572 5985 5680 3125 2795 2472 5972 5407 8648 8372 7115
24 3321 7373 5756 5674 8761 7576 6677 7392 1946 6184 8169 4730 1622 7584 9788 5327 4148 995 9891 6195 5148 443 8424 2659
24 3647 8040 483 7663 3102 4858 3946 6905 4343 6231 916 4789 6776 3920 2871 2868 9236 5886 8053 1552 6986 7154 1642 1722
24 8564 3202 4250 7246 5837 3261 2842 7793 202 3186 1905 7195 8258 6131 3881 6370 2202 1691 345 148 623 3369 8078 9770
24 7716 2780 3114 6969 4099 6737 8945 8160 3454 9139 1468 3828 5068 2351 9969 9509 2579 8206 882 755 3638 2253 7537 6288
25 113 4455 284 3116 9617 8737 2110 6179 7754 9006 7368 4660 2611 5851 1033 9245 5648 4427 1122 4534 8386 5942 3687 3679 6342
25 6913 6168 199 3906 9761 6484 872 7493 7305 7148 2139 6891 3919 6431 5257 2763 337 5223 6028 4934 9568 5204 6569 2019 4243
25 6607 1489 6360 8085 6078 1143 3829 7727 3075 6678 4443 6574 2632 4076 2214 687 923 2168 9599 2435 4180 6717 8541 4281 5672
24 3168 5710 655 476 4123 2128 5452 6868 4394 4272 26 742 8165 8077 1906 9588 7895 3504 1759 6477 6496 5563 5455 8862
25 2313 9685 5377 1111 5433 3759 2453 2648 6301 1800 5262 6542 3262 1572 3136 2971 1950 7623 3206 2807 1086 5051 5536 1573 4145
25 1724 166 7465 3840 5135 9684 5844 1429 6114 2 2218 2861 261 5000 3935 1017 496 571 9126 51 3683 6598 2326 8265 4042
24 5402 2915 2783 2686 225 3451 8869 9089 538 7909 8563 9774 5705 7661 9762 6988 6500 8230 3084 4061 3942 9454 4476 4158
25 6900 7082 326 1755 3082 8938 9812 9082 9644 3556 4279 278 9456 6504 7976 4526 4118 3726 468 8894 7540 5845 9781 9317 5646
17 2507 4733 8191 1325 2568 6684 1411 9798 7556 7371 4175 1829 4462 5246 7376 7057 4951
25 5343 4170 5090 4613 4854 1311 2866 408 9474 2722 8872 7101 1566 8920 6180 4868 9096 603 3063 7481 3950 7964 535 6559 7404
25 3667 7104 4154 6503 6647 6719 106 1896 5302 1844 9397 9988 8361 8335 5513 7890 2484 4999 9841 6468 5162 3349 6118 6364 247
26 554 6747 5205 5602 8955 4605 5847 7764 1791 8826 2137 9292 1850 3413 8680 7012 2676 6611 925 5145 597 3275 1847 7906 6789 6467
20 7088 428 1627 7916 5809 3691 5901 9302 7599 7914 2256 7725 9053 2265 1442 6046 822 7801 8726 7601
20 8587 502 984 7534 8782 2184 6571 2935 8067 9821 6928 824 773 2469 8853 9772 1991 8391 2656 5471
25 6418 7451 9631 3594 823 3345 3247 1364 1264 9800 3449 4198 7217 4565 5522 3412 2493 3668 3427 1575 5836 8849 8282 1826 8941
25 9698 7575 951 9182 6380 3227 9248 1096 893 4002 7626 1314 5558 9416 220 5496 3956 418 2392 4589 6311 3095 1961 8884 4622
25 8698 400 6245 4520 4880 3669 3974 7221 8904 1420 5389 5216 5577 7741 2405 8907 1401 9352 7308 8467 1825 913 5388 4311 464
25 6780 7346 3544 381 5344 5994 8687 6379 4667 1819 90 4978 4280 3283 8889 2257 8388 7242 4931 3040 9861 7413 7834 811 557
24 6767 7585 7602 164 8306 6082 3146 938 6036 4486 8749 4898 3630 9431 9017 3198 2890 3581 1542 9005 2946 4611 4904 795
25 6044 4223 7430 5477 8445 8190 1412 9741 3710 7918 2923 5259 4950 4423 6030 331 520 5315 2146 8837 3486 4700 9061 2608 5848
25 4056 7677 4686 1949 1474 6062 3657 9980 9433 4711 5470 5384 4535 8810 9865 3927 7306 2481 3350 6275 562 6070 9637 8490 7093
25 2531 6752 6255 9795 5453 1537 4398 7770 2040 3135 8974 238 9630 7397 1853 2012 954 5331 1360 6826 1219 2361 3417 7896 1055
25 3410 1689 7574 9002 7284 4300 9652 9992 6104 4357 800 6505 9651 4152 8439 1610 2701 1103 2987 3744 8341 4811 7281 590 9476
25 5881 6851 8338 1729 3493 1631 1459 1282 5708 2670 4964 7094 5520 4597 3960 1370 8417 7970 54 5450 440 3265 6973 3838 2691
24 1879 7117 4048 6446 7162 5279 3258 2023 7987 3341 8933 4420 3391 972 7291 8172 5638 5842 8180 6343 4968 8320 1865 7527
24 8086 271 3490 9954 3468 3904 2515 9611 2229 1747 2024 5986 545 2936 6372 978 4837 9603 2131 644 5345 108 6294 6113
24 8189 6741 1206 6615 1355 7315 9516 7931 4734 8345 6038 2887 8471 2215 7675 5893 5206 9803 7452 6302 3576 5652 6073 7641
25 2828 5487 4863 9871 102 7043 7679 4498 9881 6806 3293 2762 4173 6332 5796 5255 6075 5392 1063 7902 9203 5348 5753 2280 7783
25 1794 2928 7666 7884 908 9604 3622 5099 9143 3992 3470 8958 149 4258 198 7439 2668 4548 7526 1881 1336 3298 5817 6266 5174
24 7849 2736 2338 2180 7342 9249 6393 7414 7065 9758 4092 5548 1889 9422 1621 2038 3472 4793 1185 5131 8910 6943 7123 6613
25 394 5112 3991 830 6652 1441 1937 4884 1709 2479 1590 4997 6137 7025 1167 8632 9201 564 4797 9338 2301 756 1148 7002 2840
25 6269 3170 9744 2245 1845 2578 189 8373 2086 6619 6622 9460 9112 9049 525 3582 5103 9535 7639 8635 1231 3441 662 3255 5398
25 6843 1734 8588 5620 9037 4344 8560 8820 3498 8551 8400 8616 2299 184 8081 1183 9883 5916 3552 2188 3252 3898 5659 9940 7375
25 5027 3384 6265 1963 475 2404 74 4907 2248 7809 9043 2532 3495 1463 4831 9961 7233 7511 4943 8132 9309 2448 6158 8865 5225
24 7709 2230 3411 4658 1215 2652 7048 4939 2241 1071 6495 5908 6204 4681 359 5595 717 87 5784 289 1636 5581 1488 8057
25 7188 8073 2399 5054 6024 4371 8667 9844 6391 4340 1029 129 7531 1057 6471 4439 5286 1895 3864 4288 6621 8380 5443 5714 8556
25 1332 5721 1655 8681 559 2320 8257 4532 6921 8624 3907 6122 9193 6149 8812 339 7003 1205 6419 879 6108 2594 4723 1614 4292
25 4475 513 9105 4957 3194 9177 9641 9370 9694 1317 2859 9554 214 6469 2263 8354 6351 653 919 3033 1149 1663 6521 2238 9517
25 7064 2784 435 2639 2751 403 5702 3466 6898 4608 9941 7538 6020 5419 9327 8623 3151 1347 3716 7776 2165 6373 2679 1204 465
25 8213 6924 3866 6000 6927 8806 4441 6930 5372 8814 7178 5139 9697 7099 8583 2283 8531 5397 1754 6954 99 4041 8082 70 3850
23 6912 6208 8088 7245 9044 6850 8662 3308 338 405 4335 385 2494 3452 2466 7200 5884 7059 5096 3957 7951 1327 1304
25 8787 1100 6473 9345 3232 9846 7275 7573 350 6605 2844 7819 260 3553 6224 1851 1657 1162 6278 4774 2976 6007 3224 2773 2049
25 3697 5060 2649 6340 9138 4256 3981 5567 8446 1424 592 1714 6205 223 3074 1321 569 6499 9414 2624 7437 6950 4286 3656 8414
25 4536 3424 9628 2235 1381 7933 1458 1891 3750 4718 2631 3052 333 7723 1449 5270 2380 5755 1216 9854 9434 6019 7831 327 224
25 6656 1973 1994 4656 9127 3393 23 8339 6253 8307 4698 293 5575 7974 6324 7578 7858 6551 36 6335 8891 6914 7702 5293 9472
25 1227 3024 6942 4028 1079 1182 8800 2467 3570 6880 3145 5243 8141 7328 9653 8330 1811 7332 1928 7279 4269 251 8070 962 5501
25 7293 5746 3512 4602 5036 5170 3373 5219 6800 5210 689 279 3979 5722 9688 7622 5898 7304 7157 5776 6501 1698 3742 7001 7766
25 2324 4200 9815 3319 1281 2187 1595 2315 9592 2375 7132 5308 4810 7619 5950 3006 7868 2533 2779 9373 650 6250 2423 1456 2586
25 5971 7428 9926 8772 6244 2394 6094 1820 1203 2319 9029 3009 4000 7061 2102 8522 7443 6095 7522 9942 648 9484 8232 3690 1300
24 6662 7224 3200 5351 7110 379 8798 8620 2089 1741 6326 1629 9886 556 8181 63 3768 4142 8964 8515 9223 2843 3853 1701
25 1447 8979 9144 3842 5228 7595 4270 6904 9724 5268 8935 174 771 5217 905 2088 4719 7264 5142 79 746 8589 4741 8939 3664
25 3333 3849 9487 8989 6580 5701 2388 6218 7659 2713 8590 8549 72 6509 1611 3001 2331 9356 6867 8716 3914 9427 6051 4490 5415
25 1194 9666 3083 3036 3477 4744 9028 4924 2468 2332 1337 8811 2486 3379 703 347 2428 9726 835 1334 8145 8080 7968 5265 4662
25 2296 2143 7876 6454 2654 2368 8018 833 8491 4096 5180 537 1670 7797 2873 3060 8592 5918 1076 8456 4563 9609 9014 3185 5723
25 9733 6068 839 1601 3366 1256 9284 5451 8111 3967 7757 9384 9902 5349 2587 7942 5084 5873 3800 5423 8501 4054 2606 8701 4865
24 6529 6304 6338 2333 5287 9833 6659 2612 7194 8605 2850 356 2348 6174 4001 7652 7030 1462 3268 3143 4516 301 7719 5891
25 1883 9495 3632 3615 8671 2291 2330 3859 2901 9983 3635 3473 186 7820 2350 9119 8117 2475 5178 4444 1940 9960 432 5508 3259
25 7455 9691 5757 7934 4007 4034 2260 599 3765 3295 3661 1402 3856 1932 1672 4478 4238 4342 4609 1798 7955 1467 2193 9387 1359
24 7711 9401 718 1460 5584 7010 4552 1855 4014 7147 2175 4878 4804 9423 2334 5468 75 7199 269 8092 5252 4886 2880 5939
25 8965 5771 3921 9130 4607 105 4895 1692 8918 9784 1783 1235 8432 2093 735 6154 9161 8032 747 6341 810 2914 4220 5666 2508
25 6794 1530 975 7668 7785 6407 969 2174 3450 1911 9114 1435 8532 1316 6490 3538 2572 2761 3558 7989 452 3140 9169 3335 2845
25 9820 9306 7255 507 169 7425 3675 1179 280 133 6488 6609 4464 7551 1965 6588 3059 7482 1080 2637 2878 5130 9793 5436 343
24 3049 8892 9252 6305 8412 9952 4353 6681 412 6462 17 9148 7802 1446 3659 628 1440 7084 4812 4556 5922 3080 1087 8331
24 3708 2657 2132 1529 3181 5310 4853 4824 4358 8516 1042 4626 5326 9170 3523 1498 7671 9094 788 9922 8797 1599 1230 2848
25 7140 3104 533 1685 2217 3098 454 7592 8760 8428 9026 7046 2087 7800 3244 5863 7550 2201 885 8949 6136 3797 1570 4897 1247
24 8227 3833 7686 5628 5576 3624 1799 2534 5154 2546 5420 414 2785 6314 9235 1083 4991 860 1285 9787 1014 3780 8552 5370
19 3655 2440 607 7387 286 4282 5658 434 4265 2991 7674 8914 6972 915 4859 6390 2806 1909 5538
25 7186 892 1904 2570 3721 5238 4278 8664 3509 9508 8692 2978 2099 1486 8248 591 4254 9032 4253 3464 911 5003 4731 1290 616
25 4877 2711 7236 1491 6537 5557 4879 8316 9420 2737 7650 7286 7521 3560 5186 1678 5947 7765 573 9921 8321 8636 1966 2408 4955
25 3546 2293 3073 7787 8615 1509 1644 1433 6120 1771 1626 1277 997 1502 6086 4373 6841 5488 7756 9145 7349 1585 3836 8519 2276
20 3245 6547 2663 4366 7503 8895 8598 3292 2144 3234 2485 6812 4655 5190 1793 1582 6349 3931 1951 4929
25 2589 2975 318 6739 4403 1443 1779 6041 9141 1592 4440 733 1999 7250 9515 9211 8754 1156 4763 4542 4995 8260 4554 2243 7441
25 7810 8447 9640 9164 8298 6956 7697 2043 8562 8627 9879 1275 2396 3511 5175 6938 1434 9582 5177 5834 7597 1129 1180 1454 7713
24 8029 661 9633 266 6814 1817 249 2346 912 4646 243 8107 5979 7345 1092 2101 631 2488 9048 3002 1043 2847 398 3346
25 9046 9412 1830 9620 1733 5579 7187 1117 7857 8911 2341 8833 4188 3650 7504 6869 1957 3363 8255 7523 705 1118 4157 1522 4803
25 19 9595 1223 7277 415 3205 7837 4594 1638 235 924 6436 4970 6264 9866 2027 6145 9398 312 6889 5544 9451 9 4844 6127
25 6654 2520 2904 3680 3732 91 8998 8987 15 2309 639 239 3508 8473 4870 8778 7517 4581 8393 971 6435 1938 2210 5923 8163
24 6189 1778 9104 895 3338 5426 8028 7609 6680 4043 594 3406 1933 9111 8478 6691 8912 9308 9417 8364 3644 2287 8606 1003
25 1414 2422 4720 2982 4595 6066 3930 1069 9229 5026 9843 3351 6129 9683 5850 1996 8041 4527 2855 8333 7959 7953 5342 4909 2055
25 8783 5466 419 9314 6480 9232 4834 9482 6641 8688 37 6397 3455 9933 8651 3639 6894 4361 4600 73 9642 5731 2152 1931 142
25 3527 8978 3875 5234 1902 8378 2395 9073 7920 8547 4747 2854 9092 1740 4571 8668 1765 5509 4131 7559 6616 2145 6955 9214 6919
25 6502 6004 498 5627 6196 156 1660 1504 3007 9479 2400 2129 2148 9233 2584 2988 2918 5231 3944 5337 9154 3870 5661 1562 1558
25 9166 3067 168 6764 6182 9381 821 3754 7654 612 3137 3893 9739 9629 9389 6126 6276 6254 5588 630 9808 1077 9797 7424 5682
25 2603 328 4980 3885 4645 4326 254 4714 4314 5155 688 6816 1357 6803 7124 2420 2158 3209 373 8269 8579 218 540 1958 6152
24 4873 3430 8803 1977 5815 629 6367 7508 586 7630 3494 7402 9079 9755 3788 2155 6230 3889 8608 3207 2993 7350 2677 6170
24 6139 5500 9927 4585 7041 7457 6757 2191 5373 5171 1870 5512 3178 4289 1375 6303 5378 1241 2812 1022 7395 5591 2200 5944
23 8489 2957 5626 5593 6639 5100 7176 1188 1695 6581 4407 3674 3521 7322 4573 4385 8733 8418 4181 5894 3571 8083 4987
25 5227 4352 9297 7190 7364 5374 8851 3790 6987 6463 8475 8242 1743 2685 1358 9122 132 6050 4037 4676 3415 7489 7166 4606 2530
25 1838 8713 1200 8940 3818 6893 7769 3394 9328 4121 4235 6043 1253 8076 8039 2894 1405 9728 1998 4412 2353 16 8433 4446 4319
25 8149 1852 9830 9743 92 2044 8585 121 8928 2758 9671 1668 6556 5367 8221 3820 3485 3852 5745 9257 4702 6844 2961 794 3619
23 8630 4467 6413 6526 2591 2115 1330 2272 3610 9462 6042 7285 5739 8436 5570 264 4306 6355 246 1114 4901 6978 2322
24 567 6455 1986 7174 2696 7558 4965 1104 7490 6085 6982 7403 9239 1163 5827 7703 6949 706 7621 9391 9280 317 3863 8337
25 696 3891 8915 9511 8504 6597 4699 2921 4111 3547 8755 8591 943 4100 6175 7973 5736 5038 7473 2014 9910 6991 7524 8119 3032
25 477 1674 7102 4938 3636 4958 2072 509 6345 5692 9110 4979 7321 9835 6738 4333 2496 6668 7126 1390 6193 221 6348 9993 2441
25 7435 9087 6711 3565 7253 1250 8617 6865 1392 320 695 5600 1597 634 4262 7408 5111 7027 6781 8208 1374 6445 8717 6052 3110
24 5218 499 4404 7628 4021 3524 9822 8023 9790 3772 4988 7718 2430 9350 7400 5215 2387 7828 6194 8295 2886 4735 7112 3480
24 1228 9274 9696 7442 8367 1880 6268 929 395 6743 1772 1953 8061 5687 5980 7240 3771 9713 6792 3868 1202 9129 9782 1718
25 666 7546 9353 7034 6313 9156 979 7366 1715 7077 4992 2956 6539 2354 6337 3385 1385 8497 8276 9873 792 8858 4273 8898 4124
25 1407 5517 2605 5779 751 775 3646 5619 1603 6519 2596 256 8250 1945 1666 6169 6759 1107 981 6489 3922 8572 1633 4695 8740
25 6485 2335 4807 6141 3802 7068 8809 2065 9322 6406 9225 8264 6006 8738 6525 124 8443 9995 324 479 2564 1350 6993 1841 6997
24 7864 3976 6718 1102 1686 5437 1480 7501 1368 7205 6578 6298 9868 2462 3361 1816 3815 5671 8066 7821 6614 7163 5494 1001
24 3147 1121 6069 8575 5050 9186 7569 7422 9607 7935 7507 9533 8842 1941 7616 7632 5820 6071 2223 2823 8183 9747 7311 5125
