29 6428 1492 2330 2715 8261 4248 682 1784 6312 3086 3608 1799 1935 5848 6591 5356 8087 3085 8156 6571 9663 366 8104 7972 9112 9064 2371 6732 519
29 45 2711 3991 1909 2614 1631 6304 8737 2310 5838 8794 7082 3721 1701 4918 917 635 299 7040 6777 1334 7266 2529 1869 8043 4026 8105 2957 9770
29 9475 1833 3361 9522 7084 1239 7572 3644 243 1370 1011 8943 8145 345 4829 713 4027 8414 3056 6682 5893 988 5932 7734 2214 2448 1891 9847 6576
29 6198 4671 4568 6928 3417 5313 4093 1898 8036 4055 1668 4882 8536 4601 9256 66 5627 7273 6792 3394 7786 7092 9167 1978 517 8830 7371 655 2254
29 8103 4830 7235 108 1175 3536 6452 7513 1707 5074 2802 4533 9750 3136 1914 9729 6991 1013 8186 4853 8930 5364 9377 2285 1812 427 3931 4339 2681
29 6599 7760 8205 8513 9385 6313 6580 320 2797 2303 3508 5964 4565 1972 2761 9931 7564 3319 8420 6528 9000 6194 2363 9977 2667 9001 5054 4256 849
29 156 5703 553 5134 676 2768 1055 6522 6547 4306 391 4687 2389 5817 3220 3389 9119 5688 7635 1043 3935 7017 1628 3438 7711 8165 8941 3829 7368
29 6440 8085 5583 1983 2350 7845 4903 7878 3745 1310 2799 2651 4456 683 7112 9716 2951 8461 6476 6199 3397 4445 7224 7520 4646 240 8986 869 7688
29 1566 474 1956 5881 291 9096 3667 3486 420 465 8258 54 3356 3251 7276 1054 3639 9776 490 6555 3749 242 6501 3752 5936 4981 9580 4635 6906
29 8450 8607 687 6402 5263 6421 1674 7441 926 4432 4062 1329 3127 6701 3609 8578 3047 2181 7027 1101 827 3307 5316 3841 8845 2088 6496 7153 2518
29 6261 2414 6214 26 273 4629 7203 3348 190 8904 1849 4374 3131 3303 4813 3692 1840 7591 801 5605 2861 7274 1372 1546 651 2942 2123 1503 6246
29 4467 9960 7787 6416 5109 5082 9302 9184 5739 1555 3637 4223 3975 3368 568 6743 5648 6628 7023 847 1065 3523 4209 4039 44 2706 6161 5930 9958
29 2822 4801 4878 450 6756 2168 795 8494 6747 3158 6256 8153 8755 5974 863 7088 8175 8226 8119 9085 6549 3115 8065 18 3493 621 448 5635 3006
29 5876 7545 1712 6493 9095 2701 8865 4487 9853 4158 8499 9780 5428 9845 8329 6611 5590 5399 9779 742 8064 6852 8852 6499 7544 7731 1678 4605 9600
29 9151 2091 9820 7929 1863 2201 7149 8454 3192 4388 1852 3194 2148 3695 6208 1866 9507 414 6417 6691 6468 5145 9108 6782 3943 8244 3467 7178 6632
29 9738 3562 4057 3643 6150 7383 1042 2591 3427 5822 4679 868 6849 2019 6345 5104 9852 1848 7103 3973 5563 3413 4912 8393 1834 9579 5948 7841 7341
29 1134 2381 4390 3333 8083 6278 3881 184 8249 4370 1431 7039 3290 6809 8279 3888 3129 2425 8171 6957 488 8676 5190 1583 2393 2779 7938 6680 75
30 8033 835 7132 3765 5031 5298 629 9537 883 8377 6572 2055 2052 2076 9233 1892 9290 8221 4043 3371 1748 944 7954 3022 4783 344 2834 7729 5418 5211
29 2234 6791 551 6168 2048 1515 3443 6686 4385 2892 4040 2426 1319 7388 1507 7271 407 2663 4787 4987 2361 8748 9608 6631 6577 6573 7852 7568 4331
29 9670 1817 1734 4803 9073 2746 1677 6244 8251 3675 5322 8008 2780 133 3028 2237 5790 5205 1702 6140 7547 765 3655 6478 3239 6052 4548 9296 470
29 1959 7313 5041 5345 2640 7790 8526 8968 5512 1081 5856 38 3454 5874 9008 4167 2206 9077 7848 3714 3017 2461 7301 4999 1728 8164 1105 2456 7641
29 1179 3877 314 2482 3396 294 3703 7117 141 789 1290 8859 564 8390 1885 2251 418 1351 2118 7582 7211 8881 4210 464 3661 9320 4461 9918 4678
29 2995 6021 548 5472 3612 5020 35 8679 2194 4264 7847 3606 3174 6192 3646 234 2821 8336 9706 4405 2733 8209 9789 4150 4571 9778 1540 8819 9418
29 7678 4634 3258 6655 1124 9937 489 2771 6562 925 2068 1045 2276 8509 838 1416 1977 8034 7510 4670 7599 9402 2160 3081 5795 5548 5621 8307 7456
29 187 929 8386 9685 5171 684 1282 7054 4083 5277 5035 4564 7838 710 5504 4414 9264 1346 9928 5616 7226 9206 4449 6 262 8077 5928 2386 1921
29 3039 2563 5245 288 6275 3283 8368 662 5760 5900 6069 6252 1371 6601 2683 8942 2130 4780 1366 5061 2831 5141 7501 4741 7281 7156 1727 6587 9784
29 5266 1599 5941 1205 4607 678 8594 3326 4185 1219 6800 7195 5395 8775 4723 7018 3641 1906 8429 6685 4233 6108 2162 7354 1449 6495 1255 2668 7887
29 9053 8246 8927 7458 9129 6211 9909 6902 1777 8289 2513 2040 3147 6114 6873 2508 7898 9624 9017 8703 2816 4968 2987 5408 79 5285 5736 6898 694
29 2734 1788 4060 6635 3268 7603 8991 4828 3984 4229 4579 3315 292 428 5820 3463 8982 7999 7079 5458 154 8173 5358 8576 2104 1943 1079 3540 411
29 2717 773 9591 4802 1024 6912 971 5010 5911 230 6989 6354 4379 6684 305 6362 7546 1781 7943 9807 6608 3200 1086 6769 8803 65 7470 7315 7234
30 2603 5454 8453 7494 2604 1278 3455 6746 385 8911 1326 6715 6893 741 8512 729 5202 9197 5741 8866 9518 8524 162 217 6799 3111 7738 2041 824 2791
29 7849 3288 5492 7922 8613 1795 8500 1998 3882 5843 8224 4127 6378 5367 7114 3437 4970 5884 5043 6589 5858 4849 6917 6887 4459 4580 2291 9995 7492
29 2150 8546 3128 6475 6748 5860 6618 1342 1127 4289 5514 7000 8507 8426 1905 8926 4129 9553 6120 2192 2543 9682 3712 6335 9962 5593 7631 1551 8385
29 2921 6330 7793 3260 5855 2049 5671 9477 1411 987 9363 560 8558 8482 7739 7102 4737 3004 1720 2974 2688 1979 1506 7440 6325 5559 8317 6830 819
29 9058 5673 3878 2263 4966 593 5522 572 2322 7629 4292 4435 4212 5219 8915 264 6653 8310 7476 5778 3965 8354 6848 8811 1378 2308 9505 7654 7272
29 6430 7642 5846 6250 1505 1575 7087 6359 2289 5071 7473 2808 5441 2811 2615 9196 6492 4321 4475 9005 2366 3358 1183 9523 4381 4695 1323 1954 2894
29 1434 9861 6770 5564 3951 2535 7721 456 7768 3018 2552 70 6954 237 3269 7882 8688 9683 8313 1806 672 433 9468 2079 9557 6059 5729 8151 6017
29 7318 3581 9992 6935 4219 2352 4788 365 2679 9658 9973 3431 4823 3584 9207 6147 2387 8217 5498 3549 5094 5933 6517 6751 1281 8660 4683 5365 8629
29 2870 9814 7096 7394 9956 5448 1994 745 8506 4174 3144 7122 9497 7300 1553 4365 4614 3805 9509 1426 1561 9114 5088 732 9025 8218 3138 4254 5065
29 3448 625 5771 4870 3582 1562 4096 9272 5274 1193 9420 9857 5661 3923 9002 623 903 9596 355 1582 6568 6825 5785 3424 105 2329 5317 845 8799
29 2368 9054 7395 276 7707 3671 4942 402 3821 3304 2909 1168 5768 3011 3061 1052 1391 4094 4868 3372 7940 3223 1912 3713 7094 7166 3024 2530 2994
29 2635 8644 534 6623 2195 4697 5744 7359 7392 565 3835 9575 3310 2790 3944 3920 1927 3571 1216 5103 6937 9840 3023 8648 3588 2523 3101 8360 6441
29 2922 5645 2793 61 422 1961 2359 4969 4465 9870 5222 4519 8821 6388 9334 3684 6223 8757 1710 4686 1159 3750 3627 4733 8533 1634 9869 7978 697
29 5371 9764 9104 1036 7985 5436 343 1917 5253 3865 1189 7387 2699 7549 1452 2372 1173 9471 5246 9294 658 4816 8905 5599 1181 1629 5960 3059 4659
29 5959 8698 3533 3339 5668 9263 5610 9394 6538 8993 257 6586 5405 225 4420 8490 6530 649 9465 4894 5929 786 7905 9201 2261 9542 1369 4956 7911
29 6056 8299 4701 2916 4415 3036 5901 5446 1821 2960 5429 1548 9218 9769 5132 6904 7700 7829 8626 761 7874 7113 7445 1277 8554 6305 4890 5877 6804
29 2584 7613 188 3324 2860 7249 2018 760 5748 4110 3794 8562 3134 7860 6772 4258 8534 3602 4924 6247 6458 4755 821 8112 3938 3607 8744 4097 3595
29 2758 7229 5952 6699 9416 4018 5693 4350 5053 9339 5297 7345 2923 6951 6006 998 14 3109 3754 6875 28 4772 1586 3426 7154 6972 3074 7422 6405
29 5254 4574 5334 4937 4926 215 8178 4566 1354 8238 9067 8191 1085 2675 4598 318 514 1645 759 5179 2932 3538 8633 2197 2211 7968 9444 5007 7010
29 3183 5160 4166 502 1560 8714 7637 6437 5302 2001 5508 7802 6456 259 580 5842 6607 7994 1741 8138 4668 4558 7933 7714 6832 5231 1550 5042 8392
28 6975 5557 1924 9019 9268 9721 9665 2313 1603 2595 8260 3631 5869 9010 3271 3616 7803 5651 8054 5641 9541 9146 4155 4369 2537 5918 5050 5561
29 9822 5524 2335 7638 3306 837 7842 2637 6874 2707 8466 6574 5791 2833 1873 5804 3301 9103 285 3142 9226 5004 6723 1112 4905 6654 2902 5915 7260
29 4891 2996 9366 5237 3844 8439 4694 7347 9848 5502 5238 3055 3416 1147 1146 8362 1057 8333 4202 6314 7446 8357 5649 5091 6366 7090 8928 946 7577
29 9191 8579 3119 5185 9636 4391 1095 9315 7748 2415 9919 9412 7596 1952 4417 9595 9047 2411 2246 2650 748 8923 6774 2294 8219 453 3030 6038 531
29 2139 2156 6600 4458 1049 5416 5706 8532 8000 5425 4204 9089 4696 5600 9800 2300 8200 1341 7064 807 2787 1514 4848 9686 9759 172 3719 4685 3818
29 3636 8502 8654 2205 3518 8765 7022 9235 8517 1610 8511 3670 1003 8345 1968 984 7499 1763 2684 9195 9271 4744 9374 2732 3157 127 2789 3530 8670
29 8725 4759 552 3903 780 4718 6622 2908 5862 5568 5597 3407 6763 7884 5220 8732 4838 3193 9480 347 1357 206 3947 9978 8637 5787 7997 4419 6148
30 2446 389 3832 5973 9699 7151 1264 792 6057 1836 5700 7409 9654 7941 3449 9902 6540 2108 5825 6083 3666 6934 1381 6281 5017 8343 2572 3645 1946 2288
28 3353 9248 656 3476 1600 4181 8375 9795 4004 5100 4201 1402 8231 7104 7692 2287 2216 2087 1058 657 7057 146 349 7868 5196 4872 1991 5988
29 2820 42 4989 4481 9052 4152 220 8239 4745 4562 615 5647 8144 5579 7962 2982 7212 4059 9709 2272 9746 5762 267 1633 3527 1937 4590 6240 5690
29 5482 5130 7439 3598 4186 171 1996 6369 2477 3320 7407 8857 6025 2984 7491 2949 3535 6725 8199 7098 6118 3739 459 5337 7970 3207 2985 8887 7264
29 3187 2698 8170 874 3331 7144 147 5850 2680 1519 4822 6590 3314 9792 1963 1535 5642 2379 9162 763 8301 7827 5558 149 5527 9045 5845 2956 2980
29 4611 5837 5475 7894 1421 7180 2154 5587 9491 9270 5904 4021 8604 6174 7557 5971 1047 884 500 7826 5165 1455 898 2376 4138 8880 8978 5991 7690
29 8172 3210 8710 3005 9621 3275 5022 2334 4341 1971 360 1908 9300 7809 2424 6134 3837 3253 9867 7095 9639 9210 6560 1538 5275 6988 2670 3188 6575
28 3060 8948 7695 8624 2051 8046 9961 3439 9267 5133 3546 5699 2606 8015 6433 5758 1169 5692 7964 8457 8361 4075 3224 1347 8782 8792 4714 447
29 820 1415 281 3201 6563 6255 703 2238 1767 1317 203 9728 2066 9501 8489 1783 6802 1033 2164 8795 7945 1274 1318 4222 4271 8195 1184 6806 6422
29 7590 9696 8983 7309 2304 5574 1236 8442 5390 550 3850 7466 4002 3094 7258 920 4328 2231 4305 3089 3964 3230 9205 7220 121 6153 3758 8768 7820
28 8598 9692 3630 350 9190 8418 8727 8673 9851 6084 4857 2325 3635 7612 9796 6545 4438 5989 6964 3077 6913 9225 8965 3045 509 390 1211 9354
29 719 2765 5195 5377 2479 9322 6779 4377 22 4483 5314 7334 4667 430 844 6220 1886 4103 307 97 1343 1843 351 948 8247 5586 6722 3285 5517
30 7759 4172 804 8523 6482 2293 5086 3346 6036 6919 4588 1218 1493 2825 2977 1482 700 4378 8843 248 9783 4208 8863 1129 6659 3614 4682 451 2215 4184
29 3190 3265 9166 1818 1964 7177 5058 3997 743 5235 7610 6287 8861 2686 1401 1068 5076 8196 6443 7041 6373 7454 8326 8510 8810 6159 637 8268 419
29 3883 9194 8177 2512 9669 7992 740 5138 6470 219 392 84 8844 3629 539 3495 3512 4310 2026 1201 2641 1663 2117 4907 4020 5950 9438 764 3748
29 7138 3384 5756 4318 7323 4084 9831 8365 6854 5975 4262 7275 140 9458 32 2006 1567 2327 2029 5431 5271 8280 7895 2884 2398 439 5507 6561 5208
29 9392 2146 5608 5794 4046 9115 163 7944 8292 2318 5474 8214 1524 1962 376 693 2034 5242 4404 875 4876 5888 9879 3838 1594 8981 6266 5897 6413
29 6933 3968 4797 5462 8872 4156 2053 3079 2541 7045 8877 5533 9116 1544 2759 9344 2753 4946 5038 2208 2172 5363 8427 1718 2885 8376 368 6264 2367
29 2854 1808 6347 34 2396 9428 8462 1344 888 9854 7743 3494 2184 5451 6026 4312 5479 4244 5554 9083 4285 3206 2443 6289 7713 7050 340 4963 900
29 3016 7205 7448 6970 1398 9907 2106 3854 2470 1032 6531 7771 7443 9414 4448 6048 7836 303 8291 7398 1696 6116 699 3706 6745 6377 2031 4037 2388
28 6507 2351 1751 1614 1210 589 5125 3558 356 3774 3892 2913 2121 7973 751 3370 1537 4070 6232 3217 1355 5437 8647 7644 1765 501 4962 7947
29 5832 862 5653 3919 5968 7957 2710 2337 200 6872 1349 301 92 1642 7099 8610 7630 1973 6527 1940 1432 29 7197 714 5459 575 7926 7996 9604
29 2223 1387 6265 5669 2430 3122 2258 7379 5878 9737 7816 8159 9906 6182 4551 4139 7750 7217 3007 3445 4216 1162 2729 8363 6784 3451 5789 4771 2451
29 8141 2191 2241 4214 4034 979 4278 6395 8235 111 9690 9979 2705 4511 4943 3211 112 7881 2453 7070 8612 4563 8789 9572 9353 7478 2444 4767 8618
29 5260 1187 1247 4067 8327 8615 9856 3335 9986 8700 5659 8623 9057 855 6996 7656 3886 8519 7975 508 6383 4536 2503 1811 6251 1115 769 5953 124
29 9106 4260 9942 1139 2145 8584 2058 5596 8349 4446 5530 1889 9187 6941 3054 5577 8764 7365 3880 5444 7255 9313 3977 6569 4337 3760 8070 2901 85
29 3117 377 4543 747 9735 3680 3847 541 3430 6523 3078 7672 8616 2463 2560 9252 1469 471 2754 463 4508 1617 9680 5686 1518 6041 2143 9015 7162
29 691 1938 726 9251 1745 4009 5478 1770 3195 1120 2230 1564 3020 9043 178 9877 2219 6466 2702 9429 9105 469 6694 2072 3214 1428 9615 3472 1911
29 5679 8039 5503 5545 8950 6444 4553 9585 1167 3167 2835 9012 7785 6082 8436 9453 3599 3013 5131 7963 7797 1475 3002 4270 4061 1361 9003 4923 7756
29 8232 6668 8870 8875 9076 3411 8176 2531 9415 8588 8358 1002 4428 4583 3446 95 8242 756 1625 8869 1090 9479 9503 983 7616 3274 1916 126 6787
29 2849 6227 4794 8356 2756 1025 7086 7467 5315 2843 3313 7753 8801 7308 6399 6624 3073 4406 3276 1252 9137 7034 543 2302 7119 2703 3840 4526 1651
29 4506 8561 523 8781 7026 2555 167 5916 5772 3130 6188 1724 1172 3926 9217 8550 1606 505 4812 7083 3768 6536 8252 4326 2626 4811 3958 8216 2659
28 681 7781 4765 598 1053 4587 6519 8873 2403 7097 991 8815 865 4986 3063 4883 2312 7585 7447 4159 1722 1019 3498 6248 6490 9423 2850 9404
29 6096 5535 3937 5153 434 3610 8933 996 4044 5763 8628 822 6882 2743 6228 982 4693 5422 8984 9532 1157 622 6583 2427 8002 3197 4353 3444 6491
29 6781 7006 2554 5112 7986 8250 4307 9898 4758 597 5906 4720 6213 3317 6414 9424 9297 8155 524 6949 9926 2438 8772 2405 8110 8731 5591 1690 9346
28 2038 2864 6640 2469 3707 4867 8798 2687 3777 9818 5592 5291 5024 7623 7831 3067 6079 8804 6734 9269 4022 1501 3688 3098 1227 9687 7362 1868
29 5604 3240 9868 1407 2506 309 5499 7872 8460 7105 5603 8047 5352 2724 1853 2185 379 9587 3162 3916 5866 8275 4613 7523 4877 3173 5970 503 1648
29 6570 9718 2365 2599 6410 1923 2298 150 252 9203 7036 9993 403 7025 1094 4373 9387 6494 1903 9644 9319 8998 783 7052 3649 796 6371 9643 4329
29 6130 9594 7984 7581 7161 3380 4495 7988 6978 6160 3166 4153 2355 3685 989 6100 4814 6905 1338 6394 8048 5902 4121 8818 4367 3406 951 4708 6511
29 6812 750 4766 5537 3524 9980 970 2762 4724 4031 6185 6672 2044 1102 382 6321 4700 7129 1265 4886 7571 7451 8127 5728 634 5398 7801 6142 4188
29 327 1377 3911 7648 9612 2339 7327 4358 5105 4500 9375 1754 5290 2235 2546 2324 4623 4596 599 342 8600 8382 1328 8685 4666 990 6435 2952 7207
28 701 7539 4507 9039 9627 6125 7299 1932 2281 8593 9500 636 55 8007 1142 6968 5484 3790 5708 8856 6071 3626 9348 7683 7386 624 6737 6121
29 1826 816 8678 1862 7295 9629 8417 3103 1882 4900 9835 9908 322 4382 2617 5373 1272 716 6058 5920 4225 1041 9036 2383 6222 9535 4058 9410 4300
29 333 724 1364 9227 4442 4655 5867 308 9675 1679 4163 2891 6585 9287 3828 6072 5026 803 7578 4879 7716 346 7687 7128 3946 5870 5618 2249 4539
29 1666 2163 1468 9646 3373 7147 7408 6128 2728 9220 5055 4443 9809 8686 4011 9609 131 7248 3408 2997 4554 9132 9691 8088 399 6181 2516 8240 1177
29 5634 4469 6578 928 8906 2144 5224 9565 9725 4931 8013 4844 6098 9068 8883 9712 3939 2407 1652 8800 6803 8071 1966 7376 2257 806 6755 1001 8909
29 8854 5233 6729 6864 8699 8701 1373 2748 7316 4577 1683 7706 7560 7001 5075 9421 8999 650 923 3466 1026 9086 9602 3559 8749 3779 7861 3159 9741
29 9997 8980 8394 5213 4896 5181 9963 2642 6389 2233 5403 4431 7188 5411 9118 5947 4676 6953 6760 2022 9199 1478 9379 312 9124 616 9927 4516 4014
29 7674 9360 5889 9797 8273 5705 132 5759 7660 3784 2078 2986 4658 1091 1771 8223 6106 9717 8827 1850 5807 3980 1497 1686 7730 9347 5432 224 4347
29 9581 2607 3772 3987 60 4005 2468 2745 6793 3532 8330 9983 5828 3730 2666 1457 4656 2975 7225 1164 401 8102 2784 5665 1305 3906 6404 2267 6090
29 5835 4107 3693 8919 3762 1462 7016 4015 6764 6675 5059 5329 223 8278 6836 5540 2658 255 1523 9846 1356 9715 963 5016 7477 8987 8236 6390 7917
29 1711 3860 6245 5815 1597 158 1300 7751 5312 9153 8668 3273 7877 3778 8140 5519 9560 3884 7003 9897 1234 6477 1447 4705 8695 4762 788 9431 722
29 9145 8404 2332 1037 4151 1260 1076 964 8649 7390 413 5420 1960 8826 2171 4177 2631 461 8921 4439 3140 6805 8962 5571 2269 497 2915 7608 1363
29 7833 6956 4338 5156 3259 6718 9825 7028 4205 8182 1096 4047 5018 5854 6757 9355 5924 6512 5415 3245 6349 118 8485 7287 6761 4840 3072 6810 9914
29 3425 957 1196 144 6374 8910 1229 5170 74 6277 1256 6183 3839 4749 1494 5299 4240 8425 4572 8161 4253 9744 4485 4108 2691 1263 8574 6663 5921
29 9832 8184 8543 7752 9702 1016 9242 1222 4953 204 9056 1215 8899 6187 1170 6448 6726 8133 7879 9693 5979 5576 6926 2454 4798 3796 5774 7399 9932
29 586 9246 1040 4099 4560 3266 4183 93 3905 3683 8652 5279 4906 6486 8650 3896 9630 3891 4860 6604 9234 1072 9061 1108 9633 6358 4257 3422 3952
29 5455 2648 6610 5942 3953 5896 6731 3528 177 6296 168 4401 334 2589 2893 5443 2226 1632 3473 7710 1332 8557 6548 9881 6408 8061 7837 4235 3143
29 3440 5326 1339 6155 7742 6876 6566 5157 3780 7703 3742 6862 5282 6735 8109 8355 6924 4557 9266 9946 5283 7862 8922 6317 3015 4437 5712 265 4916
29 7320 2830 5149 7120 6407 6005 3537 9456 7981 9436 8122 3286 8106 986 5994 270 1536 4893 4143 8674 4491 7293 5243 2282 218 6360 4592 2968 5269
29 9351 3756 3833 2693 5566 5251 8293 7777 927 5821 1423 7906 2124 8115 922 2077 8288 4482 905 1087 5494 6047 9652 3135 7517 9099 937 7806 8009
29 1785 3075 9117 8797 6983 1123 232 8111 8581 5343 3229 6318 7554 924 3700 99 7888 1403 1910 9901 7821 2240 3521 2109 1209 1881 3083 9403 6301
29 3660 2863 1425 1113 3278 8445 1276 6676 3480 9949 4095 9910 2370 6719 918 8787 7909 3043 5212 4861 1992 9775 3572 661 3459 9912 556 1345 1596
29 2772 5030 5595 3312 6382 9752 7185 513 9495 9531 4647 4990 123 5691 6716 278 9098 4164 842 4499 6984 3032 9849 3478 2721 41 287 9841 7722
30 2440 3160 2766 4994 7219 1250 2236 5683 2774 793 4527 1986 9862 5497 603 6741 7556 7514 5631 1471 7634 2880 3526 8622 5009 2731 2737 9829 5227 3399
29 6340 3198 1365 8586 8540 721 6049 1340 4874 1132 7614 4019 529 6024 5135 5270 4955 887 3728 8496 7170 3862 8853 113 2976 12 2273 2634 2149
28 7782 7186 8903 1275 9899 6844 1854 4550 9338 1242 5578 6460 1948 339 153 7763 2727 2910 8300 9711 2455 9449 1731 8747 1404 6074 9786 5473
28 4182 3628 7529 5349 3291 1283 9989 9172 943 4958 6914 6976 7989 4098 4761 1488 9469 2229 268 4464 8069 8079 9198 6022 7280 2345 1313 2582
29 7277 1824 5984 9732 1152 2401 5368 8897 9619 9308 8055 2474 6510 5306 1458 7184 7673 4118 6695 4301 7749 5339 9193 2953 5985 3311 953 2936 4644
28 8044 3632 2069 6363 5598 4393 6007 6409 5496 3487 8067 2948 6368 2576 6483 254 5187 2660 4451 1230 5414 3221 6899 8203 5536 4600 1136 7908
29 9141 7047 5324 3149 9836 8697 4302 8572 8793 1304 1694 3146 5834 8371 831 7033 9011 9046 7141 6035 2073 6109 5217 2991 8736 3663 7966 9109 7364
28 3155 9213 1746 7060 6351 7715 8320 4356 6162 1020 6856 1206 2998 9389 8630 7681 8139 9405 9144 7325 5203 5710 8739 9886 8018 3120 6524 6656
29 493 6257 9584 7335 3811 5868 7406 4394 4589 9885 9562 2050 1034 2354 8675 5943 8975 834 100 4441 9102 7182 3699 2177 1626 9894 6271 2810 9212
28 8078 8545 4757 7864 1558 5654 6634 7227 4194 734 3743 7282 2878 6337 9177 2278 7221 8900 5931 3012 6880 2579 8160 6907 9143 8596 3956 6625
29 8858 9688 3972 9304 7543 9258 3783 6286 9044 4864 4898 9247 2720 9464 1145 2015 2224 4493 3222 1379 8570 317 50 1374 7604 4346 5374 362 3708
29 5588 1752 457 9459 2135 9708 236 2744 4348 7835 2028 1460 1933 6129 9060 1598 6714 7808 1286 9512 6297 3294 5180 6260 9805 6673 3218 2528 1199
29 1408 1512 1531 7244 1554 5797 5348 8488 2917 3069 1104 4028 5830 6063 4633 9668 9734 985 7433 3751 3843 8738 8716 7074 8708 4841 1672 8932 4901
29 3873 4949 5209 8625 7867 2137 2840 4472 5084 2947 8131 8505 9628 3812 3983 5956 6146 5331 9726 246 1945 3864 8763 6141 251 4274 9152 3529 3082
29 5831 4904 4474 7011 5516 3623 5318 8609 800 261 4652 1861 1915 6612 8255 9707 6432 4555 1578 8997 8397 5892 2074 2883 856 6921 8024 2620 8314
29 9601 9157 8399 429 2239 9590 7910 3170 4444 8493 9976 7928 9228 3807 5716 6166 2695 4836 1624 9614 6067 5715 8632 4366 2938 1385 4940 6942 9895
29 1111 4581 9257 2933 7976 4165 7870 9485 9186 2132 3336 4440 8659 4919 1308 8780 7159 6962 5841 148 5745 269 9536 5232 2248 47 8585 3913 8636
28 3216 436 1330 9632 8063 6657 6658 117 4799 3212 3364 686 8605 7663 2882 96 618 8023 2402 2696 9357 6089 6702 3112 8846 2904 6947 2565
29 3491 9561 9200 1976 2578 4628 2375 3203 4575 2722 9771 4591 8591 3390 8338 214 9209 9551 1955 7550 6165 423 5873 754 4615 378 2467 1315 3232
29 2098 1660 1348 3316 9175 8277 2138 185 1657 2175 3813 2760 4952 8938 6892 8475 1456 2945 2128 976 9028 1922 2619 7019 2618 3993 2441 1399 1508
29 7851 482 1437 3519 7890 3412 8281 1151 3429 8476 7942 5327 9249 1870 2204 9666 9323 1 5060 3690 8021 7657 9623 809 9576 3355 8374 2879 2338
29 2600 1831 1285 7969 5456 1257 6710 174 1725 9442 4140 6224 3435 7792 2845 7126 5394 595 4742 5602 6107 5250 2545 6076 7508 8893 4268 4063 6627
29 7080 5955 6879 6231 4777 2036 5052 2242 5176 8974 2509 3548 1920 2014 2114 9673 4125 6315 1656 2580 7971 1362 6771 4993 6833 5276 4674 1738 6014
29 3592 3076 5934 1410 779 6520 8006 80 6559 5976 718 7355 2520 198 7586 8990 3814 5464 9922 5047 7819 8719 9433 2065 6818 3057 4422 5410 8311
28 1579 7704 5865 4311 2013 3049 5580 3299 8004 7876 3484 8734 4985 6749 4213 4727 7733 4162 1823 6346 9638 6455 2483 1237 3710 9916 7294 233
29 4523 280 8971 1148 4400 3716 393 4621 5439 5293 8602 8284 8691 7712 866 4230 2593 6400 5980 9944 2958 3691 4409 7602 8994 5430 9573 9860 969
28 4115 8472 5069 4327 5244 6242 8746 4089 8541 7330 1419 997 7340 6915 9552 6438 7737 2299 5463 4770 1384 2575 7967 2638 1396 4913 5257 8964
29 5954 4049 5532 736 6620 571 4627 3297 8076 2624 5397 9087 1742 8332 1774 7238 6521 3376 3329 5078 3097 4013 296 3163 8567 891 5859 8443 5987
29 4119 9446 3681 8118 6284 4175 8957 9439 8389 7745 1749 9029 8721 909 9763 3674 3499 8847 3261 5034 6372 6391 6489 7306 8197 3601 3589 2016 9307
29 9180 5147 9460 487 9806 4227 1138 6112 1485 9733 594 4168 5137 7150 1838 1664 1616 6877 6759 179 1284 4859 4426 7228 2533 4532 5372 1653 3810
29 3831 3704 9441 5129 432 5102 4858 3281 9457 8211 7484 7939 1695 6665 5606 9232 5643 2047 6853 1733 6019 7140 4036 9221 3909 5032 2807 6598 4964
28 3766 626 6765 7744 2841 5210 4673 2433 9327 8309 9090 6773 2092 1314 3108 9050 7676 1450 4604 6987 1902 8014 6593 3369 749 3962 2781 7460
28 7643 2198 9635 9930 2253 238 4514 3556 4545 4785 3791 300 115 4074 6418 6629 8867 588 2131 1729 2605 6903 316 442 3547 103 7934 6279
29 8019 8372 9791 4091 4 6681 4309 4282 2247 3215 5068 1000 2397 4930 5833 1413 6565 6940 9156 9985 3365 9062 4651 2796 1576 2749 9071 3403 5638
29 8544 7794 328 8566 3295 2358 4076 3619 8154 1427 7472 7400 9372 1261 6375 6462 2708 3960 8259 967 7535 7469 4624 2751 2422 9613 6442 5851 7502
29 4967 1568 2785 8503 1422 375 8711 679 7592 4263 373 9689 527 6811 9381 5214 2714 8158 6939 6020 8704 7736 4463 6103 4297 2776 3404 2809 5823
28 1813 9727 4238 69 3702 9549 8756 7840 425 1792 7091 5124 567 5664 1358 5268 9513 5098 5799 9230 151 4810 1500 5359 730 7951 1150 5836
29 2586 9440 9037 479 1325 6348 1639 7866 8914 2919 9921 7108 8939 3981 3942 6837 6078 1611 2988 5335 3597 2210 2374 4510 4936 9828 2380 7655 6614
29 3709 5944 5721 1520 5400 4983 675 8920 720 4396 9720 1709 228 7682 1662 5652 1673 8480 6967 1901 4245 542 2553 7342 3940 2848 7772 2007 7527
29 1999 5801 4754 4769 6910 1715 3242 5424 6436 1532 3262 9793 8455 9135 522 6439 2462 5614 3615 549 8212 8136 9539 4850 5864 5685 8037 3334 582
28 3922 5336 1067 1756 2395 7865 5079 7561 4457 1207 7767 1585 2390 2903 2348 6594 2485 2886 72 122 1388 4324 7360 3450 6503 8228 2493 2630
29 7245 7855 2442 9891 7575 7430 5619 209 6944 3481 1226 4290 8337 8384 3889 7172 6861 8321 2723 2827 6514 9331 880 7595 7411 5256 3008 7718 4361
29 577 3720 256 3698 4715 8663 8754 5506 530 3176 5601 9502 8855 4294 9923 1439 8370 226 8304 7956 2628 1859 2865 1375 20 396 8290 3080 5255
29 3516 1942 3899 667 7116 1681 3225 4387 5401 1307 7209 2120 6178 4343 8254 8713 7622 2806 6195 8692 5788 7263 1031 8542 1958 5491 8298 6546 3227
30 7136 4114 4501 330 6871 906 4933 8257 9571 9324 1007 4489 3191 9007 9081 664 169 3409 5573 6678 1400 7627 6855 6355 2778 1279 7677 6513 8879 9478
28 8786 3452 5966 2472 1465 7728 3917 9583 9451 6824 4497 6552 9655 805 6502 8283 7912 4085 3718 7067 8785 2476 9819 6431 1119 4680 4586 6088
30 6613 6885 1030 4170 4650 6102 8884 2439 1904 8848 5704 4856 1825 5852 1483 5230 9430 8599 3231 5655 3337 9341 4024 4176 814 1800 205 1607 8167 5723
29 6042 1204 2874 2858 7109 3347 7719 6752 4880 2689 2931 384 7007 4423 3894 367 8996 6724 1565 9237 5626 3726 3994 5521 3859 7223 120 8715 7796
29 7653 6557 9695 4239 7442 1659 5166 939 7317 3785 332 1557 5766 8639 9959 8597 4538 1156 8643 438 3736 8430 614 857 181 9023 9358 7270 5738
29 8424 2847 4951 3044 5333 4286 9494 250 8812 7671 4684 7824 907 8446 1135 5095 775 9262 7285 3732 8735 2356 2856 1877 5386 1820 8270 9724 7417
28 3875 3782 3051 6032 6283 5307 4221 9939 2039 2280 3797 6674 2465 3382 5727 8129 955 241 8198 5754 4073 8888 695 6339 6506 3289 8539 2217
28 526 2086 5903 9042 1737 706 1412 7393 689 9126 6210 2647 1128 7005 6156 758 101 8587 9611 495 3966 284 8838 5677 4228 5926 2349 9768
28 9413 8730 2000 3322 2930 3186 1542 9762 9149 1980 4782 5292 5894 6291 2970 5827 5239 1502 9511 5891 6122 7452 3586 6534 9642 2189 6542 9343
28 5014 8406 498 850 6073 6379 319 9880 4889 3908 2763 2887 2314 3806 7725 1221 9525 8396 8230 4330 6662 1232 9903 737 253 7900 8092 9558
29 1717 6982 9913 7331 5612 304 1093 9745 9059 6584 7815 6707 5803 1056 4371 3525 2889 3068 6336 774 3969 2102 6465 1878 3930 6012 5375 3857 6065
29 9168 7179 8227 2012 6445 4408 473 6446 4025 6515 7257 872 7990 7288 5972 2527 6384 4738 3852 6064 3093 8521 9657 1930 8146 2385 6633 7165 4131
29 3249 7566 1842 3781 1080 4192 9229 7296 4017 110 7503 7213 8035 3199 7953 9325 2432 6326 705 8098 867 6370 3154 7505 2311 6311 1327 8479 2423
29 8220 8669 2890 9755 1059 919 8381 9622 1253 4641 4124 3392 7370 7740 3441 4421 999 5154 4056 1084 2081 3561 9569 5101 4196 940 6776 7533 4171
29 9049 3209 5528 3560 3954 7436 1203 9943 2064 9178 8391 5963 1698 6908 337 3137 9040 1224 7684 6193 6700 1107 7987 9342 2478 8750 8353 8631 9577
28 3387 1312 1186 2042 3696 6016 1592 9350 6328 7664 5175 5701 8538 673 3747 9312 9427 4035 1480 9009 6031 9605 6661 8777 2093 3421 2431 1185
29 9159 9445 7569 3618 5207 1985 5796 1245 1306 358 833 7811 9466 412 5152 7853 8276 5493 9929 19 4211 5328 5019 1479 6717 6667 6821 9782 6202
29 4078 1573 7115 2 9382 9719 5912 3871 4145 3254 21 7935 9179 6829 8761 5695 4232 5252 646 3550 7814 7250 5085 7583 5391 3457 2895 9873 3116
29 295 688 528 8003 2767 3757 5682 8328 383 2176 878 8296 3834 8020 8601 7615 5531 6050 7133 8525 1984 3725 4296 2360 4984 4619 7764 8180 973
28 175 3492 8415 8052 7416 9097 2622 2232 9660 7374 6225 9703 5905 4218 3026 2283 9893 4010 608 9965 1077 3861 5225 6086 9788 574 4556 511
29 6423 94 7015 3921 9817 4250 2295 134 8645 8728 3362 3298 1436 7118 2800 6365 1511 1195 9626 8817 6131 1699 6986 6053 566 5215 2400 2561 1154
28 8995 1359 446 8745 8204 289 9121 3420 4003 9274 9970 1292 4295 9279 9299 6841 6180 7210 7314 5099 7497 6733 5709 197 3936 9586 9018 3554
28 207 766 6664 2755 4784 2569 3741 8828 3887 2243 4818 4892 600 213 7924 5594 5001 3378 9911 3296 2621 7465 25 7332 7930 9767 7854 2497
28 4935 8339 7694 1809 4126 6280 466 4134 3234 7062 4774 4316 6646 4748 7587 3605 7218 2690 8459 4142 9373 7339 8902 4407 4995 6881 4135 1298
28 9014 8896 8934 2459 8234 2394 3949 8718 3341 8123 2373 9704 1244 1744 4128 2125 8614 3184 8016 9521 3933 8342 2597 2491 3014 3092 3366 7555
28 7418 596 4088 1100 5151 1604 5857 5177 8687 8603 2030 6582 3284 5993 639 6282 6306 3325 9730 9171 8809 9399 6239 1454 7463 166 8402 2587
29 2851 2517 182 3385 6973 5066 2057 3151 3465 8723 5366 9127 4100 4081 157 9588 2466 3359 7428 6788 562 2159 5792 441 9713 9041 7008 825 3517
28 102 6488 9075 2169 6237 2775 3804 6393 4938 135 7522 1630 6018 2682 559 4072 2740 6124 7732 1649 727 6080 4012 3219 1266 9774 6332 3555
28 78 4796 3575 8890 5258 9874 91 7541 7993 4792 8089 7377 1126 1879 6696 2187 1088 2321 7762 8825 8030 2089 8706 1786 1393 9904 1559 3876
29 4768 1143 6461 40 1197 7723 4948 7896 5887 974 7761 6651 4612 3893 5800 2060 6977 8702 4498 1970 4939 7145 3578 4681 1947 6637 3970 2804 6051
29 7584 7382 9336 7636 2965 9761 6816 5218 1802 6630 5781 353 5689 1929 947 9681 3418 5810 2420 9801 201 3053 9364 88 2498 9030 5698 9838 6588
28 9888 8653 7475 7191 9751 4355 8012 2410 7483 1118 5413 9664 5332 1847 5006 1819 5037 6965 2271 3428 2180 4173 6909 5660 8935 8305 8062 6843
29 9435 2550 5197 2876 1608 4677 704 9183 3037 5523 6263 1723 7429 4546 4199 2741 4750 324 8233 4649 5620 3689 2566 9022 6916 2501 4643 341 2084
29 2209 9038 8492 5127 9120 443 7361 3625 4190 1083 4833 4383 4147 7321 7035 4280 7155 762 3822 4806 5321 2377 7073 2250 77 1486 4512 5562 7649
29 1574 8961 6200 1860 7650 8766 2346 5742 9990 5355 1516 3507 6948 6298 965 9876 9276 4704 1743 829 1008 8229 9514 4721 7705 8776 6094 8265 6172
29 306 3827 7397 6003 9384 2126 899 7915 2161 8483 1233 6648 6085 3321 5581 3344 9409 2447 8367 8208 6095 5172 2284 374 7923 2828 3474 6061 5453
28 4189 405 89 2003 3898 208 3205 9310 5146 5384 9812 798 1796 8886 1353 6350 335 9534 6839 3282 2347 1570 3910 9277 638 8011 6235 7899
29 8946 7297 7031 6258 4455 5945 2429 3040 1730 431 59 1395 1320 6143 5379 3853 183 4645 2625 8403 6034 160 11 4255 7121 8895 2059 5284 8694
29 934 4349 3656 5997 7579 5726 8924 5784 2983 576 8917 6927 8665 8094 3941 7757 3927 3293 8107 1116 2035 8359 7252 8770 2203 6008 3279 1367 1766
29 7426 5325 8125 6463 3410 7485 9540 9406 9240 7038 5547 7863 5281 3771 7344 4148 8498 1654 7628 9401 3809 7311 7055 8084 892 2105 9383 4965 1635
28 9189 3505 9951 170 1220 73 7065 6274 9798 2083 7032 9051 1262 2817 4351 3662 9674 9174 5636 9386 7686 9972 5719 5294 573 4827 6955 9969
29 1141 4922 5136 3099 4622 4739 6551 9892 5406 619 3330 5550 9216 5782 557 5775 3799 9426 1190 7241 1775 885 9101 9291 2844 3583 8640 8683 3767
29 3042 4052 2803 2557 8841 9139 2801 164 8646 1028 6037 4941 4914 5438 4578 1409 4113 9419 7143 5572 7051 7193 2421 5380 9878 8559 3308 836 9481
28 6229 1191 5886 130 9754 9027 7061 5875 9994 6847 8213 9964 3488 1188 5426 6075 6518 2492 9676 3761 8729 293 4336 894 8081 9398 1533 9802
28 4466 9589 227 7724 1178 15 8093 311 266 51 7925 584 9370 7043 8560 4845 6807 3125 4399 1296 7565 5992 186 6838 9517 2907 8619 2623
29 1048 1539 416 1590 9123 7667 2920 9395 7163 3388 7037 9332 6367 7509 7058 6380 193 5419 3244 46 4007 5814 4362 6293 9208 1967 6320 6865 6207
28 2805 7606 9568 4217 3177 8937 6341 4734 3715 5045 4178 8413 7072 2657 210 7515 2445 9070 483 3000 4675 8344 3374 2812 2709 2357 8548 4712
29 3423 9443 8434 7384 4050 5949 8634 1440 3100 7580 5793 5309 2262 6137 7130 361 3650 302 9345 3976 1569 5995 8388 6040 4411 9244 578 8470 5193
28 6950 3171 5206 6509 5460 2992 3300 6419 3156 9889 9545 1988 1144 2413 1706 9757 6884 4706 8947 3395 5656 8126 9813 1254 7858 8501 5178 4821
29 5919 9740 8740 8120 6790 4636 4730 3858 2142 2538 7336 4101 9222 6878 4779 9616 6204 6649 6958 3485 3787 6290 876 1685 7770 677 9388 6133 7326
29 1572 4662 2954 7982 8053 7980 1131 5303 7111 4736 8894 7068 9651 5840 8378 4477 1828 1789 8271 9516 5623 757 3577 8802 8241 8658 9094 283 9138
28 3153 8568 7183 6234 8820 7381 1243 5376 7693 1545 6705 7059 4402 6945 3096 5378 52 3824 6054 6558 3924 5025 9905 4008 9148 3328 119 2661
28 6392 7175 810 2971 6516 1588 1689 7960 8876 5879 3925 8347 7459 1761 2220 8031 2043 1950 7357 1757 1605 8163 7461 7524 9285 852 1697 2157
29 4960 3025 1805 8778 2186 2166 9504 0 8322 3340 8617 1867 116 6721 2704 8908 8497 6946 7961 348 9519 4537 6241 37 652 4947 371 4111 63
28 8097 6897 7402 9352 1429 2873 6826 3587 5159 1676 2629 2153 3124 4090 895 7307 8401 325 8444 5362 4154 9472 4265 8955 581 4224 7123 3808
28 9371 6687 7689 5696 7625 1165 2644 1888 2832 3545 2943 8931 7157 8137 7310 7778 211 2839 1006 4854 6196 6316 2694 859 4412 7817 7805 1637
29 1769 4494 4122 3679 5826 9625 6500 4116 8518 6567 7875 3058 8448 3464 7702 7053 6170 7353 5733 2490 1476 3593 9945 3352 2264 31 6883 1665 4576
29 152 7337 1556 5115 4386 3292 3091 975 3544 8912 7305 3553 4376 3010 3801 6998 1613 5628 8563 3566 6641 9369 5381 1995 6356 7804 2814 5681 647
28 660 6154 4660 3932 627 8954 2782 5639 1810 7462 5951 1880 3819 9448 4120 6786 4610 8041 1619 8662 6259 4569 9335 8672 6169 5161 561 7907
28 6808 8128 6888 1051 3 2912 1198 8478 7869 400 7727 545 2080 8334 6670 7124 4843 8116 7127 9088 9843 9259 1443 1714 7518 9474 3062 212
28 4071 4236 9470 5895 3405 6794 7464 4048 3654 6268 6033 6454 5259 2500 1726 5546 7834 5393 2592 7640 725 1018 1900 4884 2567 1464 2556 1990
29 6424 4980 3534 477 5910 9777 6727 8620 8005 290 1643 2122 7056 2404 8901 4488 3576 9981 4842 1075 7 8508 2905 5158 4688 5526 1027 9607 960
28 5057 839 6819 1442 6869 7607 1238 2613 9231 525 199 4689 249 6544 3963 6323 2309 6526 5853 9656 5089 2199 2434 6943 480 4998 3918 4915
28 1587 1595 8166 7449 9967 5783 7375 4395 9954 9883 2735 7267 8956 6471 4157 6453 2484 7181 3539 5194 2222 6342 3483 5515 3354 7214 9161 5240
28 5046 4303 1807 2244 3442 3733 8834 6205 4193 7401 2725 6997 4179 4713 4368 9122 7081 180 7093 3600 329 9722 942 6077 1474 4380 2925 1235
29 8849 3104 4259 5675 4529 8549 9329 1322 4117 2989 1837 6191 1405 189 7948 2225 633 4054 8495 6469 9578 8101 8451 8192 5173 3734 8743 6952 5666
28 9111 6152 8565 3746 6815 408 33 4315 4079 9376 8253 5000 3849 2551 4471 2979 2568 1623 6505 2458 2773 5518 5445 3842 7810 9723 6498 9255
29 13 8121 9202 9933 9273 1217 1547 8577 2525 2071 995 3515 2408 5073 2981 5646 3567 9653 3031 7366 4198 5735 5776 3848 6920 5734 1473 9882 592
28 6197 5467 4751 8547 462 3238 4313 435 6300 2183 83 7873 7949 143 8348 2193 2364 9671 8973 5630 579 9305 5341 3351 3988 6303 4354 7471
28 4764 8447 5740 2526 1448 9391 1804 3604 8627 2558 4921 5442 1097 5839 48 5662 1161 8082 3945 5676 3497 8075 9661 7289 4291 24 3106 5674
28 7937 2090 8143 5387 9772 1441 9407 1735 2207 5142 9815 4582 1459 1418 6338 9598 9140 3327 9597 6333 1078 8635 4319 8032 6013 1071 4791 3375
29 9714 9662 4807 3659 3620 785 6411 2136 841 6276 2097 7423 2495 7532 1856 8095 6376 613 3737 9432 4203 5449 9063 2115 6828 4384 9731 1212 2436
28 4974 1038 5908 3682 3764 8266 8913 7675 1121 8150 4130 2826 1489 1046 4776 802 2419 3594 3773 853 7198 1953 10 9020 2094 9164 3826 5392
28 3590 8504 2855 8733 2323 4053 2918 1258 2179 7784 9173 4515 4410 6457 4637 5737 5248 1584 2726 3029 1513 8157 1005 3800 5805 6028 9100 2155
29 602 7639 6857 2305 9150 9678 4795 4273 6550 3648 8760 5480 1934 1467 3175 4424 4033 354 8537 3788 3189 1208 5765 3948 5261 7856 5489 5470 6479
28 9321 8383 68 5751 9033 6822 216 2536 685 6097 886 642 9309 6272 5767 4335 2692 5957 5986 272 8181 7594 9950 3998 2718 8582 2099 8096
28 4141 1130 4773 7253 6177 8966 1521 2450 4630 7455 7243 1444 4835 8963 2342 1114 4051 1240 244 5697 3617 8474 5184 5819 547 9080 8589 6173
28 7576 6319 7380 7481 421 9773 5188 6361 980 1693 4460 7645 2852 9736 1504 4839 2290 17 6863 4429 7420 3990 5589 5560 2627 1601 282 4594
29 570 5097 8073 2940 7232 5144 2301 3513 6473 5012 3379 8294 1303 6176 9996 815 9066 7292 7350 4846 4220 142 2824 9953 3196 5471 5216 4418 7414
29 962 5383 3701 7552 4249 605 2391 6994 9781 7024 9842 7531 4547 9160 5072 9283 8972 5003 424 5923 945 723 5155 7601 6709 5650 3468 5204 2507
28 7883 9850 9236 3126 7769 5126 3090 1525 409 4726 9110 5289 9365 2730 30 5731 5081 6938 4837 4781 7303 114 8045 9253 2571 2119 4585 9982
28 4065 1125 9756 2384 5585 6753 8564 8264 8840 363 6820 8832 5417 8142 5067 9570 2564 9998 7168 176 6081 137 7101 5946 6002 7089 5021 1397
28 5465 4397 4944 9606 3139 8421 4069 4524 5570 1301 532 6238 5200 5761 8796 4146 5447 1780 9896 9396 959 9550 372 3510 1333 1446 9645 1099
28 7633 9243 8286 968 8751 397 7538 2409 3500 893 1622 359 5847 1661 7844 9617 6621 5272 4086 776 6070 5452 9301 9924 6327 1288 7903 7187
28 7662 1062 2777 9130 5713 4530 5670 1012 8783 5382 9839 4284 4215 1498 2869 1887 1858 3088 6736 6219 5264 8010 632 787 2514 4699 3580 7936
29 8099 8183 7251 4279 2353 1293 4722 2331 1895 6344 7536 6999 4430 3065 9091 6451 4800 507 326 3967 5722 1982 1311 4593 7788 8953 7004 6480 2107
28 9488 4805 6595 1822 7528 5360 7412 9380 902 5028 1435 933 9833 6060 7493 2581 3740 6343 5927 913 4709 2190 5981 485 8712 8060 6189 9192
28 4753 9447 6294 6889 5226 3118 3479 674 3802 6472 2522 5998 9618 3585 475 9823 7206 1231 6775 3475 1987 8428 7619 640 5110 3979 1928 5044
28 7914 286 8952 5632 1776 5542 3114 5396 6535 6015 1526 1589 4992 6406 8135 7779 2292 6387 9701 6132 8405 4729 8188 4608 9900 8916 7474 7886
28 8346 9957 2836 9592 5520 9915 8958 9182 8528 6860 161 2412 239 3393 3514 7385 4106 4752 4133 1844 136 5824 1857 1951 9134 4352 5481 9556
28 7148 994 9361 6092 653 3851 8970 6295 7142 2955 5311 9821 3456 3974 4851 5978 4525 4541 8671 8822 1324 3673 7490 9074 8100 2959 6960 6055
28 3363 2795 9506 6459 2633 1612 8790 106 1477 7450 9593 3453 3622 5048 2151 4549 8837 840 1803 8473 8467 298 6619 9865 1705 3697 6650 7021
28 4322 2713 910 8717 3367 8072 3033 8022 6186 7661 9760 5404 1044 9844 7363 5565 5541 1073 9530 260 668 708 5300 8174 7192 3668 7424 8351
28 7427 8440 5917 7230 879 2677 7201 2499 5369 2654 2924 9092 8752 3377 5191 7558 1117 812 8331 4863 890 1646 8323 7453 6704 6397 4775 4978
29 4804 90 1768 7698 2141 6123 5201 9753 1064 1883 6609 8222 3121 4180 7146 3657 1050 398 1684 2898 3564 6158 6858 5342 717 8682 7174 2134 1289
28 5777 8207 2418 9408 3050 2221 2129 380 2274 5687 4504 2548 5063 7696 7199 9400 3890 9528 1563 3999 1814 9486 6911 7457 9476 7789 7537 4977
28 746 8364 9747 3914 3907 6322 9955 3651 9808 6708 5509 2502 2416 406 2939 4109 5539 6712 3776 5087 9834 7818 2025 3141 8117 9422 9866 9827
28 4852 4447 8026 6117 1890 7621 1487 9107 2562 6329 3228 7983 5913 6508 1667 1382 8667 2792 8113 7959 8059 1687 7512 692 7746 4197 5513 8898
29 654 9887 3460 4535 8936 5051 2609 9936 6750 8040 8318 1023 7404 9694 9024 3672 4492 7823 7832 5288 6401 2934 5140 2964 5813 4895 8187 3870 5885
28 138 7487 5077 460 9816 791 3541 5556 7046 7268 7071 3982 7247 7588 9359 4434 1376 744 6789 6023 4029 6801 7754 3208 516 9463 6149 1627
29 1965 6543 554 2228 3150 6767 4323 6309 9084 2061 6357 4988 2685 8185 4226 7069 2798 5899 1246 6270 6605 9649 7498 7717 2862 7741 9971 2296 2103
28 9543 811 5511 3950 952 4887 7891 1541 5090 3565 1708 7432 1176 7346 1517 7378 8029 7410 7283 8580 9333 7389 4505 1957 8516 3522 4345 9204
28 1577 3503 665 817 6556 3722 956 9393 3678 790 2062 1214 3879 7298 8882 3213 5806 5186 5977 2750 6642 9496 9637 4360 9863 7843 7066 3436
28 8057 3929 3027 8885 663 7679 9803 4642 1098 7651 7131 644 71 1829 1719 1496 830 4847 7262 5267 4626 6592 2392 5702 5725 8416 2075 9163
28 9988 8835 8851 7351 5829 8681 6267 6215 4521 4272 2100 3563 5118 9185 5346 2757 4522 4609 3638 4663 4102 5922 8302 4287 4702 2999 8945 98
28 2265 1271 6093 8130 4195 6966 6616 1944 8642 4929 546 9871 832 6253 7859 8190 2972 4654 2602 1394 410 1827 6602 2046 8979 5092 9650 2406
28 1386 275 7173 9224 2752 4314 7239 499 5757 1039 8677 3490 3360 8066 585 3677 9169 1640 2941 5164 1949 6467 9004 5538 2505 5849 950 3021
28 1109 9826 49 5310 9790 7158 3001 6738 4325 1082 1899 8552 9158 4160 1453 5505 7236 6045 9316 6525 4041 9176 5120 4042 6932 3226 8132 2504
29 2378 5388 7871 2399 9454 9462 9467 4478 7405 2511 4665 9952 7237 4603 8341 2872 1918 3596 370 4513 7548 770 1297 1716 1981 4735 8784 6179 4087
28 3123 3551 7014 896 2343 5229 6703 6212 8274 4638 972 2946 2877 9 6426 492 5295 536 4357 7506 3658 506 2612 455 415 2716 870 8114
29 2672 1846 1704 5553 8193 504 941 4809 8641 9317 8147 3817 609 3759 2010 274 8960 4191 4187 6043 8664 4283 7139 2063 7807 6798 7965 6647 6091
28 5500 8152 5898 9811 6995 5883 1004 4251 5278 7419 3402 4136 7589 9672 1636 4934 3204 755 2662 8380 3874 6636 8985 8779 1798 4698 3957 3504
28 2417 7708 544 3763 6922 9147 8831 2435 4885 8944 5584 2020 858 231 8422 7795 8319 2521 2639 7504 9574 4342 4468 5582 9947 6823 1851 8395
28 8709 6671 6754 2736 4976 3318 851 2266 6230 6233 6918 310 4599 9367 2032 7196 6758 2133 7783 6870 7530 8449 8690 2559 1939 8918 966 7774
28 5062 159 5555 4909 9397 1969 8050 6652 6163 1259 2867 2656 6206 2973 1530 938 3895 4865 3248 8767 155 9610 1669 2328 7991 1010 1739 6537
28 1641 4246 2813 8949 5005 5 2673 5457 7755 1671 5192 4869 3241 1223 7012 8373 2111 2174 9641 8086 797 1529 7897 8555 2054 587 2594 202
28 8551 1035 6992 4006 8530 1430 6221 9078 3185 8025 7950 4375 2842 877 3461 3458 5487 2113 6827 6381 8091 6066 8169 7618 1543 3148 7921 4690
28 4077 3665 4503 2769 5117 4639 2096 3520 2846 8655 5036 67 709 5909 4276 6539 9295 7189 4719 7780 921 9859 932 9082 9679 6762 8583 9510
28 7324 5008 854 3462 8237 6554 2868 1299 7680 7135 4032 5811 1490 861 4855 4207 386 912 9875 3052 7269 520 2978 9667 2275 1615 7850 7049
28 4398 6720 7421 5483 1380 1133 9599 9362 5510 4334 5983 7958 3246 1029 1830 6930 904 6487 2596 7160 2002 7892 8940 7647 9563 5780 5361 5486
28 666 4392 8481 1499 338 1760 4298 8263 5434 1872 5064 1747 7701 7919 4332 1876 8720 4261 591 5871 7913 9631 1997 8522 860 7319 6969 2480
28 3511 5939 8017 9128 5148 515 2838 107 739 4542 9281 1069 781 8842 9935 6226 6302 1336 4372 8312 6923 7562 823 3687 5549 3652 3868 2783
28 3815 1896 8400 2037 2212 6985 7526 2489 7078 4241 9482 8892 954 3034 5114 6851 7438 5617 3255 3357 315 2655 1061 8306 7107 3664 6974 3386
28 6603 8366 7042 9079 2147 8726 6866 794 9499 3105 3035 7830 2004 8807 7044 1383 5287 8571 9239 4333 5663 5011 4038 2095 6901 1801 9330 9154
28 2182 5049 5113 8324 5308 9165 6859 7356 3912 2646 7328 2188 8661 1721 2540 2475 6403 5816 8839 7507 3509 6840 7977 5615 7100 6184 4881 3048
28 4760 7511 7496 4717 2906 7773 8410 7489 3770 8477 8215 7009 3795 2944 8762 3897 5040 6288 2344 1180 707 4427 607 5996 5882 7726 936 2719
28 445 5613 5938 1417 9484 3836 9223 6744 9314 1269 7776 6434 6728 6044 9390 5622 7500 2307 8868 6894 6144 1782 8742 4631 5569 2487 1484 5320
28 7828 8468 8977 659 9520 3755 6299 7880 7202 2320 3863 8189 8989 7290 2369 3978 6396 538 8608 1335 4528 6679 752 4320 5711 2616 4540 711
28 3236 3179 8134 1835 4476 6485 8569 5163 5969 2457 4064 8976 9303 2632 2464 3102 5199 9567 7632 165 6834 8531 7799 9766 4973 2067 696 1778
28 9282 3169 336 3264 3992 5990 6427 9133 87 3989 9368 9677 3686 5450 1451 6698 5958 247 9920 2515 7444 3070 8179 818 7617 2008 3305 8805
29 9925 3235 2649 6474 5999 6481 9356 7369 3724 7304 3280 2178 6115 8038 1461 369 4149 7813 4911 279 1755 1155 3257 8788 486 617 1638 8816 1445
29 4473 9031 9743 3694 7367 4001 5351 1368 8441 6795 6138 1182 5890 7242 914 7013 3574 4648 7208 8 1463 3087 6579 1337 7521 6068 8771 1791 5107
28 5798 476 417 9286 2085 908 8791 3803 8874 620 5304 5770 8352 3132 4669 388 5056 5773 4016 4928 7137 8202 735 2927 843 8891 8387 3107
28 9215 3496 3579 3064 2914 9489 7605 9461 5861 472 7284 8437 8435 9261 8621 5746 8210 2899 4023 2127 458 8408 5234 3729 7164 8484 4502 3071
28 6669 612 7358 5128 4144 6292 2608 8001 6236 1692 2590 2116 916 4161 3723 3287 6334 5640 8379 8705 1200 7665 6273 8520 192 2544 9188 496
28 2993 3181 8592 3350 1390 7176 1414 2021 1609 4997 4243 76 5198 58 2549 4815 5013 5672 772 3900 5961 3613 5575 4746 5466 467 5717 2678
28 7995 7918 7979 6030 5182 4252 5228 5223 5802 4520 9529 5249 6993 3568 6175 3343 6850 1941 4826 9142 7920 8456 5039 6713 1975 7435 3769 1793
28 6845 3247 6959 7516 5940 6868 4486 9975 1549 1089 2260 7766 3798 8925 8148 958 8707 7231 7495 6285 129 1153 3542 9032 7413 1022 9968 1773
28 1472 3775 8297 4480 3744 738 3272 4452 4247 6364 8245 6814 7312 1936 4317 2888 4509 2227 2473 4725 1534 7567 7486 1470 8409 9293 7885 4789
28 9155 2496 3471 16 2815 768 3019 2794 5168 8206 8573 2857 2033 4045 8871 981 56 6249 2045 4972 9265 3309 9508 5764 1509 8272 3202 8753
28 3256 9136 2005 9219 931 1794 690 3243 8262 5023 3506 4344 5080 5330 4277 9794 3928 478 7624 5625 7085 3469 2340 6688 6308 7002 3872 8194
28 3145 3482 5529 9559 2966 3267 9238 3934 6331 4888 5412 2382 9280 1103 6895 4819 7932 5495 7373 2676 5143 3165 4790 6011 9698 2306 6639 6164
28 993 9498 915 4957 4200 4817 1750 3830 6553 4559 569 5169 2316 680 2671 2326 4496 3046 4763 4899 9493 4620 9450 1790 6415 5678 2829 4875
28 9340 8590 9492 8438 6000 4567 6643 7338 8469 6385 452 8813 4132 9411 5718 8295 6617 7425 7479 3792 6126 3133 5286 978 641 3345 1522 9527
28 558 9288 8080 1772 229 2218 7691 1302 7931 9254 6171 7076 4825 1352 2739 4112 3869 7570 9749 7646 9938 9013 6541 8535 1762 3653 6157 6135
28 2452 6980 7329 6936 9640 4104 1593 2674 1839 7812 1092 3434 5162 9824 533 4080 8028 4534 7333 7403 4920 1202 8929 9069 6660 9991 2532 7775
28 671 2583 4996 6961 9515 2519 3573 8741 8398 323 753 6145 1650 5808 3152 8168 2653 9487 5750 4711 364 8951 5657 1580 9705 1655 4897 4747
28 4661 2297 1491 3855 4910 8108 606 4692 1759 871 3110 8907 510 3502 512 5409 2697 9647 4653 9566 7669 2317 4267 6797 9934 4561 6626 4364
28 4616 6796 563 7279 5724 813 1160 7927 8486 8325 8808 1618 799 4862 1894 8529 3552 2700 2665 8340 7391 4403 4908 1287 5747 1270 9544 9700
28 2636 27 6151 3867 1267 9241 590 4950 7916 4363 9035 2255 5611 1406 3477 4340 2341 5236 1291 454 6831 3591 2336 8606 2866 9765 1875 277
28 7822 7720 6890 2140 4123 6766 9055 2950 2601 5490 3277 1163 2859 4602 1137 6644 8773 2333 3263 2742 8806 2875 3995 4664 1316 7553 5029 9799
28 395 7343 4808 4917 5658 949 5167 7278 194 6690 8862 39 2818 8814 7167 4756 4740 2488 2460 3915 1251 7204 5624 9065 196 2881 6269 6730
28 8407 6497 1066 9884 873 81 7598 6218 6740 5749 1166 1919 7620 1249 669 494 583 4389 1884 2277 2764 7658 2896 6201 3041 3161 518 6216
28 9872 6062 4169 2252 4834 1740 5925 3182 2937 6711 2011 258 8722 2165 1063 8860 9999 6039 2112 3789 9298 4000 1841 9524 426 8959 4866 2494
28 6190 1060 8431 9984 5680 7974 630 3647 4831 8689 648 5488 8248 5122 9326 9483 1225 5357 7573 6529 728 3676 1527 6324 6783 3816 6564 7540
28 2823 6683 6778 4824 4716 2167 5323 8423 1897 6666 4728 2897 1280 5265 9547 2256 297 6110 4359 3738 6886 1989 7666 4490 731 8225 2786 3531
28 5552 846 9131 8049 1241 53 1009 4454 8638 6412 1158 6813 5108 4925 7265 9292 222 3885 6900 2023 7904 5872 7857 4450 6867 7246 7322 5644
28 1753 698 3501 9378 3391 3332 6990 1433 1620 313 4281 6449 2017 1294 3401 5982 7437 2173 9473 7372 5607 6101 8243 4416 5344 7029 7697 5033
28 6638 5241 6046 7020 357 221 7800 1420 848 2286 4293 4266 109 5093 7893 9810 4470 1213 8303 6004 5684 6254 826 2990 5907 5543 7194 8465
28 8595 8432 1014 8833 4573 3731 7110 6971 5183 1360 4657 2539 6010 628 6846 449 5567 5123 2598 5421 5544 2588 1017 235 3959 1295 5779 7215
28 2652 9417 1779 9966 5423 7952 173 1194 1797 5189 4544 778 387 2428 6742 1832 5174 8269 535 4269 767 1110 3996 2962 6929 9452 9697 2611
28 3233 352 128 5461 2747 1787 5863 8553 9425 4691 8369 3955 8666 9455 8124 86 9659 6689 4618 9125 4308 7169 195 7551 2510 9987 7593 537
28 3902 1925 2152 5247 4710 8575 930 6817 3711 7765 1688 7525 6581 777 57 4902 7626 2070 3621 2449 3793 5753 5305 5629 7542 1015 2481 7747
28 601 4433 3383 2963 3323 2279 2770 1174 9289 7670 1647 5694 3095 7077 5732 733 6104 1732 6307 1510 2486 8287 828 9170 9710 2268 6842 1993
28 8315 1691 9940 8282 6677 7259 1865 6615 1871 7291 4732 6310 9434 4288 604 9214 6963 1845 3252 4206 9048 5319 9181 1815 5937 145 9555 7652
28 9742 6785 5476 9785 1855 7286 43 5296 7468 7955 4945 6693 6386 2056 3786 3400 263 5340 2259 5338 5743 2669 8433 889 8068 321 3901 3642
28 9284 7216 2524 5534 2664 5714 5433 6979 5935 1680 5501 9855 3415 3003 6706 7758 7889 1931 8419 935 2196 712 808 4531 4479 5667 1350 9837
28 9211 4066 8027 8829 3009 6262 4975 2574 8458 9634 5440 8350 9311 2967 1392 7200 4570 444 5468 104 7254 4462 6981 3727 7106 8487 9349 1864
28 8090 6425 702 2570 3845 8992 9546 2158 9006 3398 2928 3846 2577 4617 5752 9564 9021 481 2362 7685 6243 9318 6209 5402 5809 4237 6217 9941
28 7609 1424 1140 6925 1644 4030 6167 3904 8042 5119 7352 4873 9250 8864 2837 6119 6009 2270 6127 5469 3270 897 4979 5812 5633 5609 8514 7348
28 1466 2202 7611 3172 8471 8651 7349 4672 5769 7415 3986 1389 7846 125 1171 8051 6353 2929 631 7825 1528 3823 6139 9034 6533 491 3633 6596
28 8724 23 8850 8464 404 1913 4703 2738 437 2009 715 5083 9739 5427 6398 611 5880 1581 3433 864 6645 4971 9948 4959 7396 4954 7839 977
28 5354 6931 3302 3735 6504 784 4231 2027 8316 5070 5096 5106 6780 4743 3753 5730 3820 5150 992 9026 1703 1481 8836 3237 6447 5280 3038 7534
28 6891 6001 8969 1675 1758 2024 8201 8463 5301 5407 9917 2935 4092 6484 7233 3470 2110 4453 4595 1273 7434 8411 3447 8823 6136 2911 5002 4871
28 5262 7946 1192 2573 3164 6027 5353 7240 4413 7190 3603 8824 4425 5962 5477 6111 1495 6739 9337 3178 9684 1331 7048 4961 4517 3985 2585 8696
28 9858 6597 271 961 6113 4304 8285 3489 4640 6606 9526 5818 394 2645 7431 3250 3971 3432 8056 2871 4234 4484 2437 4105 7152 7261 4832 4625
28 7735 7222 1670 540 7519 6464 4597 484 2542 9093 1309 2610 6352 2082 245 8759 6768 3419 3569 6896 9275 1658 1974 4927 3717 4518 3381 7063
28 3611 3856 4068 4436 8162 5525 9864 9437 670 5121 8889 8335 9278 5015 5786 9830 381 4299 3414 4606 3624 6420 8556 8058 2170 6029 1106 7559
28 9890 7574 5914 3866 9974 555 4137 1149 7597 9548 3825 9072 1321 643 1070 1736 2200 8491 4786 4731 3338 7659 9620 1682 2712 5844 5551 6835
28 9328 1893 191 1926 3557 7668 5637 2853 8680 9260 1228 911 9490 2534 6692 3961 64 5385 9016 3342 7302 9306 7998 4584 6532 9748 8412 7134
28 1764 4632 9787 7798 1907 62 3669 8256 1602 8988 881 8769 6429 8149 3180 2315 8758 8684 6087 8656 9245 5221 3066 8515 4820 4552 2213 5707
28 8267 8657 5965 7699 7482 7488 6099 901 468 1074 8878 5347 3543 5720 7075 1571 5755 2319 5139 8452 139 7902 3084 7125 6203 4793 4707 3634
28 5370 5967 3640 5116 8693 610 771 36 2788 6697 521 8611 3705 5027 7171 5485 3113 7563 4991 4982 2471 7600 1874 9582 882 3349 1268 4275
28 7901 7030 1816 9804 8074 2101 5435 9533 9554 7709 2547 2643 331 782 6450 1122 645 440 1591 5111 1438 4242 7480 8527 2819 9113 2969 5273
28 7256 9538 1021 1700 82 4082 6105 9648 2961 1248 5350 8967 2900 1621 1552 1713 2245 5389 9758 4778 4932 9603 8308 2926 7791 3168 8774 3570